{"uid":"156fbb75c94d3ebf","name":"Show Empty Cart","fullName":"cartTests.Show Empty Cart","historyId":"98aefc1a1dfadba36071c40079b1f2a2","time":{"start":1747035721682,"stop":1747035742496,"duration":20814},"status":"failed","statusMessage":"InvalidSelectorException: Message: invalid selector: Unable to locate an element with the xpath expression //svg/use[@xlink:href='https://www.cdiscount.com/pc-resources/svg/symbol/sprite.cc6a58f7091dd458bd643ebd80256602.svg#empty-basket'] because of the following error:\nNamespaceError: Failed to execute 'evaluate' on 'Document': The string '//svg/use[@xlink:href='https://www.cdiscount.com/pc-resources/svg/symbol/sprite.cc6a58f7091dd458bd643ebd80256602.svg#empty-basket']' contains unresolvable namespaces.\n  (Session info: chrome=136.0.7103.93); For documentation on this error, please visit: https://www.selenium.dev/documentation/webdriver/troubleshooting/errors#invalid-selector-exception\nStacktrace:\n\tGetHandleVerifier [0x00007FF734BDCF25+75717]\n\tGetHandleVerifier [0x00007FF734BDCF80+75808]\n\t(No symbol) [0x00007FF7349A8F9A]\n\t(No symbol) [0x00007FF7349B0998]\n\t(No symbol) [0x00007FF7349B3A0C]\n\t(No symbol) [0x00007FF7349B3ADF]\n\t(No symbol) [0x00007FF7349FED77]\n\t(No symbol) [0x00007FF7349FF77C]\n\t(No symbol) [0x00007FF734A525A7]\n\t(No symbol) [0x00007FF734A273BF]\n\t(No symbol) [0x00007FF734A4F39C]\n\t(No symbol) [0x00007FF734A27153]\n\t(No symbol) [0x00007FF7349F0421]\n\t(No symbol) [0x00007FF7349F11B3]\n\tGetHandleVerifier [0x00007FF734EDD6FD+3223453]\n\tGetHandleVerifier [0x00007FF734ED7CA2+3200322]\n\tGetHandleVerifier [0x00007FF734EF5AD3+3322739]\n\tGetHandleVerifier [0x00007FF734BF69FA+180890]\n\tGetHandleVerifier [0x00007FF734BFE0FF+211359]\n\tGetHandleVerifier [0x00007FF734BE5274+109332]\n\tGetHandleVerifier [0x00007FF734BE5422+109762]\n\tGetHandleVerifier [0x00007FF734BCBA39+4825]\n\tBaseThreadInitThunk [0x00007FF8A0417374+20]\n\tRtlUserThreadStart [0x00007FF8A23FCC91+33]\n","flaky":false,"newFailed":false,"newBroken":false,"newPassed":false,"retriesCount":0,"retriesStatusChange":false,"beforeStages":[{"name":"common_keywords.Ouvrir Navigateur","time":{"stop":1747035734771},"status":"passed","steps":[{"name":"SeleniumLibrary.Open Browser","time":{"start":1747035721688,"stop":1747035734203,"duration":12515},"status":"passed","steps":[],"attachments":[{"uid":"3c2d5c35e8cfb007","name":"Keyword Log","source":"3c2d5c35e8cfb007.html","type":"text/html","size":92}],"parameters":[{"name":"arg1","value":"${BASE_URL}"},{"name":"arg2","value":"chrome"}],"shouldDisplayMessage":false,"attachmentsCount":1,"attachmentStep":false,"hasContent":true,"stepsCount":0},{"name":"SeleniumLibrary.Maximize Browser Window","time":{"start":1747035734204,"stop":1747035734770,"duration":566},"status":"passed","steps":[],"attachments":[],"parameters":[],"shouldDisplayMessage":false,"attachmentsCount":0,"attachmentStep":false,"hasContent":false,"stepsCount":0}],"attachments":[],"parameters":[],"shouldDisplayMessage":false,"attachmentsCount":1,"attachmentStep":false,"hasContent":true,"stepsCount":2}],"testStage":{"status":"failed","statusMessage":"InvalidSelectorException: Message: invalid selector: Unable to locate an element with the xpath expression //svg/use[@xlink:href='https://www.cdiscount.com/pc-resources/svg/symbol/sprite.cc6a58f7091dd458bd643ebd80256602.svg#empty-basket'] because of the following error:\nNamespaceError: Failed to execute 'evaluate' on 'Document': The string '//svg/use[@xlink:href='https://www.cdiscount.com/pc-resources/svg/symbol/sprite.cc6a58f7091dd458bd643ebd80256602.svg#empty-basket']' contains unresolvable namespaces.\n  (Session info: chrome=136.0.7103.93); For documentation on this error, please visit: https://www.selenium.dev/documentation/webdriver/troubleshooting/errors#invalid-selector-exception\nStacktrace:\n\tGetHandleVerifier [0x00007FF734BDCF25+75717]\n\tGetHandleVerifier [0x00007FF734BDCF80+75808]\n\t(No symbol) [0x00007FF7349A8F9A]\n\t(No symbol) [0x00007FF7349B0998]\n\t(No symbol) [0x00007FF7349B3A0C]\n\t(No symbol) [0x00007FF7349B3ADF]\n\t(No symbol) [0x00007FF7349FED77]\n\t(No symbol) [0x00007FF7349FF77C]\n\t(No symbol) [0x00007FF734A525A7]\n\t(No symbol) [0x00007FF734A273BF]\n\t(No symbol) [0x00007FF734A4F39C]\n\t(No symbol) [0x00007FF734A27153]\n\t(No symbol) [0x00007FF7349F0421]\n\t(No symbol) [0x00007FF7349F11B3]\n\tGetHandleVerifier [0x00007FF734EDD6FD+3223453]\n\tGetHandleVerifier [0x00007FF734ED7CA2+3200322]\n\tGetHandleVerifier [0x00007FF734EF5AD3+3322739]\n\tGetHandleVerifier [0x00007FF734BF69FA+180890]\n\tGetHandleVerifier [0x00007FF734BFE0FF+211359]\n\tGetHandleVerifier [0x00007FF734BE5274+109332]\n\tGetHandleVerifier [0x00007FF734BE5422+109762]\n\tGetHandleVerifier [0x00007FF734BCBA39+4825]\n\tBaseThreadInitThunk [0x00007FF8A0417374+20]\n\tRtlUserThreadStart [0x00007FF8A23FCC91+33]\n","steps":[{"name":"cart_page.Hover Over Cart Icon","time":{"start":1747035734772,"stop":1747035735911,"duration":1139},"status":"failed","statusMessage":"InvalidSelectorException: Message: invalid selector: Unable to locate an element with the xpath expression //svg/use[@xlink:href='https://www.cdiscount.com/pc-resources/svg/symbol/sprite.cc6a58f7091dd458bd643ebd80256602.svg#empty-basket'] because of the following error:\nNamespaceError: Failed to execute 'evaluate' on 'Document': The string '//svg/use[@xlink:href='https://www.cdiscount.com/pc-resources/svg/symbol/sprite.cc6a58f7091dd458bd643ebd80256602.svg#empty-basket']' contains unresolvable namespaces.\n  (Session info: chrome=136.0.7103.93); For documentation on this error, please visit: https://www.selenium.dev/documentation/webdriver/troubleshooting/errors#invalid-selector-exception\nStacktrace:\n\tGetHandleVerifier [0x00007FF734BDCF25+75717]\n\tGetHandleVerifier [0x00007FF734BDCF80+75808]\n\t(No symbol) [0x00007FF7349A8F9A]\n\t(No symbol) [0x00007FF7349B0998]\n\t(No symbol) [0x00007FF7349B3A0C]\n\t(No symbol) [0x00007FF7349B3ADF]\n\t(No symbol) [0x00007FF7349FED77]\n\t(No symbol) [0x00007FF7349FF77C]\n\t(No symbol) [0x00007FF734A525A7]\n\t(No symbol) [0x00007FF734A273BF]\n\t(No symbol) [0x00007FF734A4F39C]\n\t(No symbol) [0x00007FF734A27153]\n\t(No symbol) [0x00007FF7349F0421]\n\t(No symbol) [0x00007FF7349F11B3]\n\tGetHandleVerifier [0x00007FF734EDD6FD+3223453]\n\tGetHandleVerifier [0x00007FF734ED7CA2+3200322]\n\tGetHandleVerifier [0x00007FF734EF5AD3+3322739]\n\tGetHandleVerifier [0x00007FF734BF69FA+180890]\n\tGetHandleVerifier [0x00007FF734BFE0FF+211359]\n\tGetHandleVerifier [0x00007FF734BE5274+109332]\n\tGetHandleVerifier [0x00007FF734BE5422+109762]\n\tGetHandleVerifier [0x00007FF734BCBA39+4825]\n\tBaseThreadInitThunk [0x00007FF8A0417374+20]\n\tRtlUserThreadStart [0x00007FF8A23FCC91+33]\n","steps":[{"name":"SeleniumLibrary.Wait Until Element Is Visible","time":{"start":1747035734773,"stop":1747035735906,"duration":1133},"status":"failed","statusMessage":"InvalidSelectorException: Message: invalid selector: Unable to locate an element with the xpath expression //svg/use[@xlink:href='https://www.cdiscount.com/pc-resources/svg/symbol/sprite.cc6a58f7091dd458bd643ebd80256602.svg#empty-basket'] because of the following error:\nNamespaceError: Failed to execute 'evaluate' on 'Document': The string '//svg/use[@xlink:href='https://www.cdiscount.com/pc-resources/svg/symbol/sprite.cc6a58f7091dd458bd643ebd80256602.svg#empty-basket']' contains unresolvable namespaces.\n  (Session info: chrome=136.0.7103.93); For documentation on this error, please visit: https://www.selenium.dev/documentation/webdriver/troubleshooting/errors#invalid-selector-exception\nStacktrace:\n\tGetHandleVerifier [0x00007FF734BDCF25+75717]\n\tGetHandleVerifier [0x00007FF734BDCF80+75808]\n\t(No symbol) [0x00007FF7349A8F9A]\n\t(No symbol) [0x00007FF7349B0998]\n\t(No symbol) [0x00007FF7349B3A0C]\n\t(No symbol) [0x00007FF7349B3ADF]\n\t(No symbol) [0x00007FF7349FED77]\n\t(No symbol) [0x00007FF7349FF77C]\n\t(No symbol) [0x00007FF734A525A7]\n\t(No symbol) [0x00007FF734A273BF]\n\t(No symbol) [0x00007FF734A4F39C]\n\t(No symbol) [0x00007FF734A27153]\n\t(No symbol) [0x00007FF7349F0421]\n\t(No symbol) [0x00007FF7349F11B3]\n\tGetHandleVerifier [0x00007FF734EDD6FD+3223453]\n\tGetHandleVerifier [0x00007FF734ED7CA2+3200322]\n\tGetHandleVerifier [0x00007FF734EF5AD3+3322739]\n\tGetHandleVerifier [0x00007FF734BF69FA+180890]\n\tGetHandleVerifier [0x00007FF734BFE0FF+211359]\n\tGetHandleVerifier [0x00007FF734BE5274+109332]\n\tGetHandleVerifier [0x00007FF734BE5422+109762]\n\tGetHandleVerifier [0x00007FF734BCBA39+4825]\n\tBaseThreadInitThunk [0x00007FF8A0417374+20]\n\tRtlUserThreadStart [0x00007FF8A23FCC91+33]\n","steps":[],"attachments":[{"uid":"71f326cea1d19b3c","name":"Keyword Log","source":"71f326cea1d19b3c.html","type":"text/html","size":1952}],"parameters":[{"name":"arg1","value":"${CART_ICON}"},{"name":"arg2","value":"timeout=10s"}],"shouldDisplayMessage":true,"attachmentsCount":1,"attachmentStep":false,"hasContent":true,"stepsCount":0},{"name":"SeleniumLibrary.Mouse Over","time":{"start":1747035735907,"stop":1747035735908,"duration":1},"status":"skipped","statusMessage":"InvalidSelectorException: Message: invalid selector: Unable to locate an element with the xpath expression //svg/use[@xlink:href='https://www.cdiscount.com/pc-resources/svg/symbol/sprite.cc6a58f7091dd458bd643ebd80256602.svg#empty-basket'] because of the following error:\nNamespaceError: Failed to execute 'evaluate' on 'Document': The string '//svg/use[@xlink:href='https://www.cdiscount.com/pc-resources/svg/symbol/sprite.cc6a58f7091dd458bd643ebd80256602.svg#empty-basket']' contains unresolvable namespaces.\n  (Session info: chrome=136.0.7103.93); For documentation on this error, please visit: https://www.selenium.dev/documentation/webdriver/troubleshooting/errors#invalid-selector-exception\nStacktrace:\n\tGetHandleVerifier [0x00007FF734BDCF25+75717]\n\tGetHandleVerifier [0x00007FF734BDCF80+75808]\n\t(No symbol) [0x00007FF7349A8F9A]\n\t(No symbol) [0x00007FF7349B0998]\n\t(No symbol) [0x00007FF7349B3A0C]\n\t(No symbol) [0x00007FF7349B3ADF]\n\t(No symbol) [0x00007FF7349FED77]\n\t(No symbol) [0x00007FF7349FF77C]\n\t(No symbol) [0x00007FF734A525A7]\n\t(No symbol) [0x00007FF734A273BF]\n\t(No symbol) [0x00007FF734A4F39C]\n\t(No symbol) [0x00007FF734A27153]\n\t(No symbol) [0x00007FF7349F0421]\n\t(No symbol) [0x00007FF7349F11B3]\n\tGetHandleVerifier [0x00007FF734EDD6FD+3223453]\n\tGetHandleVerifier [0x00007FF734ED7CA2+3200322]\n\tGetHandleVerifier [0x00007FF734EF5AD3+3322739]\n\tGetHandleVerifier [0x00007FF734BF69FA+180890]\n\tGetHandleVerifier [0x00007FF734BFE0FF+211359]\n\tGetHandleVerifier [0x00007FF734BE5274+109332]\n\tGetHandleVerifier [0x00007FF734BE5422+109762]\n\tGetHandleVerifier [0x00007FF734BCBA39+4825]\n\tBaseThreadInitThunk [0x00007FF8A0417374+20]\n\tRtlUserThreadStart [0x00007FF8A23FCC91+33]\n","steps":[],"attachments":[],"parameters":[{"name":"arg1","value":"${CART_ICON}"}],"shouldDisplayMessage":true,"attachmentsCount":0,"attachmentStep":false,"hasContent":true,"stepsCount":0},{"name":"SeleniumLibrary.Wait Until Element Is Visible","time":{"start":1747035735909,"stop":1747035735910,"duration":1},"status":"skipped","statusMessage":"InvalidSelectorException: Message: invalid selector: Unable to locate an element with the xpath expression //svg/use[@xlink:href='https://www.cdiscount.com/pc-resources/svg/symbol/sprite.cc6a58f7091dd458bd643ebd80256602.svg#empty-basket'] because of the following error:\nNamespaceError: Failed to execute 'evaluate' on 'Document': The string '//svg/use[@xlink:href='https://www.cdiscount.com/pc-resources/svg/symbol/sprite.cc6a58f7091dd458bd643ebd80256602.svg#empty-basket']' contains unresolvable namespaces.\n  (Session info: chrome=136.0.7103.93); For documentation on this error, please visit: https://www.selenium.dev/documentation/webdriver/troubleshooting/errors#invalid-selector-exception\nStacktrace:\n\tGetHandleVerifier [0x00007FF734BDCF25+75717]\n\tGetHandleVerifier [0x00007FF734BDCF80+75808]\n\t(No symbol) [0x00007FF7349A8F9A]\n\t(No symbol) [0x00007FF7349B0998]\n\t(No symbol) [0x00007FF7349B3A0C]\n\t(No symbol) [0x00007FF7349B3ADF]\n\t(No symbol) [0x00007FF7349FED77]\n\t(No symbol) [0x00007FF7349FF77C]\n\t(No symbol) [0x00007FF734A525A7]\n\t(No symbol) [0x00007FF734A273BF]\n\t(No symbol) [0x00007FF734A4F39C]\n\t(No symbol) [0x00007FF734A27153]\n\t(No symbol) [0x00007FF7349F0421]\n\t(No symbol) [0x00007FF7349F11B3]\n\tGetHandleVerifier [0x00007FF734EDD6FD+3223453]\n\tGetHandleVerifier [0x00007FF734ED7CA2+3200322]\n\tGetHandleVerifier [0x00007FF734EF5AD3+3322739]\n\tGetHandleVerifier [0x00007FF734BF69FA+180890]\n\tGetHandleVerifier [0x00007FF734BFE0FF+211359]\n\tGetHandleVerifier [0x00007FF734BE5274+109332]\n\tGetHandleVerifier [0x00007FF734BE5422+109762]\n\tGetHandleVerifier [0x00007FF734BCBA39+4825]\n\tBaseThreadInitThunk [0x00007FF8A0417374+20]\n\tRtlUserThreadStart [0x00007FF8A23FCC91+33]\n","steps":[],"attachments":[],"parameters":[{"name":"arg1","value":"${CART_PREVIEW_PANEL}"},{"name":"arg2","value":"timeout=10s"}],"shouldDisplayMessage":true,"attachmentsCount":0,"attachmentStep":false,"hasContent":true,"stepsCount":0}],"attachments":[],"parameters":[],"shouldDisplayMessage":false,"attachmentsCount":1,"attachmentStep":false,"hasContent":true,"stepsCount":3},{"name":"cart_page.Verify Empty Cart","time":{"start":1747035735912,"stop":1747035735913,"duration":1},"status":"skipped","statusMessage":"InvalidSelectorException: Message: invalid selector: Unable to locate an element with the xpath expression //svg/use[@xlink:href='https://www.cdiscount.com/pc-resources/svg/symbol/sprite.cc6a58f7091dd458bd643ebd80256602.svg#empty-basket'] because of the following error:\nNamespaceError: Failed to execute 'evaluate' on 'Document': The string '//svg/use[@xlink:href='https://www.cdiscount.com/pc-resources/svg/symbol/sprite.cc6a58f7091dd458bd643ebd80256602.svg#empty-basket']' contains unresolvable namespaces.\n  (Session info: chrome=136.0.7103.93); For documentation on this error, please visit: https://www.selenium.dev/documentation/webdriver/troubleshooting/errors#invalid-selector-exception\nStacktrace:\n\tGetHandleVerifier [0x00007FF734BDCF25+75717]\n\tGetHandleVerifier [0x00007FF734BDCF80+75808]\n\t(No symbol) [0x00007FF7349A8F9A]\n\t(No symbol) [0x00007FF7349B0998]\n\t(No symbol) [0x00007FF7349B3A0C]\n\t(No symbol) [0x00007FF7349B3ADF]\n\t(No symbol) [0x00007FF7349FED77]\n\t(No symbol) [0x00007FF7349FF77C]\n\t(No symbol) [0x00007FF734A525A7]\n\t(No symbol) [0x00007FF734A273BF]\n\t(No symbol) [0x00007FF734A4F39C]\n\t(No symbol) [0x00007FF734A27153]\n\t(No symbol) [0x00007FF7349F0421]\n\t(No symbol) [0x00007FF7349F11B3]\n\tGetHandleVerifier [0x00007FF734EDD6FD+3223453]\n\tGetHandleVerifier [0x00007FF734ED7CA2+3200322]\n\tGetHandleVerifier [0x00007FF734EF5AD3+3322739]\n\tGetHandleVerifier [0x00007FF734BF69FA+180890]\n\tGetHandleVerifier [0x00007FF734BFE0FF+211359]\n\tGetHandleVerifier [0x00007FF734BE5274+109332]\n\tGetHandleVerifier [0x00007FF734BE5422+109762]\n\tGetHandleVerifier [0x00007FF734BCBA39+4825]\n\tBaseThreadInitThunk [0x00007FF8A0417374+20]\n\tRtlUserThreadStart [0x00007FF8A23FCC91+33]\n","steps":[],"attachments":[],"parameters":[],"shouldDisplayMessage":true,"attachmentsCount":0,"attachmentStep":false,"hasContent":true,"stepsCount":0}],"attachments":[],"parameters":[],"shouldDisplayMessage":false,"attachmentsCount":1,"attachmentStep":false,"hasContent":true,"stepsCount":5},"afterStages":[{"name":"common_keywords.Fermer Navigateur","time":{"stop":1747035742495},"status":"passed","steps":[{"name":"SeleniumLibrary.Close Browser","time":{"start":1747035735916,"stop":1747035742495,"duration":6579},"status":"passed","steps":[],"attachments":[],"parameters":[],"shouldDisplayMessage":false,"attachmentsCount":0,"attachmentStep":false,"hasContent":false,"stepsCount":0}],"attachments":[],"parameters":[],"shouldDisplayMessage":false,"attachmentsCount":0,"attachmentStep":false,"hasContent":true,"stepsCount":1}],"labels":[{"name":"suite","value":"cartTests"},{"name":"framework","value":"robotframework"},{"name":"language","value":"cpython3"},{"name":"host","value":"AK48639"},{"name":"thread","value":"default-ad994f53-b236-453e-883e-5f10938188e2"},{"name":"tag","value":"Cart"},{"name":"tag","value":"Empty"},{"name":"resultFormat","value":"allure2"}],"parameters":[],"links":[],"hidden":true,"retry":true,"extra":{"categories":[],"tags":["Empty","Cart"]},"source":"156fbb75c94d3ebf.json","parameterValues":[]}