{"uid":"a6b2c3b61cbead96","name":"Show Empty Cart","fullName":"TestCases.cartTests.Show Empty Cart","historyId":"bde57416da3896f203f3566a2619583a","time":{"start":1747034603622,"stop":1747034629239,"duration":25617},"status":"failed","statusMessage":"InvalidSelectorException: Message: invalid selector: Unable to locate an element with the xpath expression //svg/use[@xlink:href='#empty-basket'] because of the following error:\nNamespaceError: Failed to execute 'evaluate' on 'Document': The string '//svg/use[@xlink:href='#empty-basket']' contains unresolvable namespaces.\n  (Session info: chrome=136.0.7103.93); For documentation on this error, please visit: https://www.selenium.dev/documentation/webdriver/troubleshooting/errors#invalid-selector-exception\nStacktrace:\n\tGetHandleVerifier [0x00007FF734BDCF25+75717]\n\tGetHandleVerifier [0x00007FF734BDCF80+75808]\n\t(No symbol) [0x00007FF7349A8F9A]\n\t(No symbol) [0x00007FF7349B0998]\n\t(No symbol) [0x00007FF7349B3A0C]\n\t(No symbol) [0x00007FF7349B3ADF]\n\t(No symbol) [0x00007FF7349FED77]\n\t(No symbol) [0x00007FF7349FF77C]\n\t(No symbol) [0x00007FF734A525A7]\n\t(No symbol) [0x00007FF734A273BF]\n\t(No symbol) [0x00007FF734A4F39C]\n\t(No symbol) [0x00007FF734A27153]\n\t(No symbol) [0x00007FF7349F0421]\n\t(No symbol) [0x00007FF7349F11B3]\n\tGetHandleVerifier [0x00007FF734EDD6FD+3223453]\n\tGetHandleVerifier [0x00007FF734ED7CA2+3200322]\n\tGetHandleVerifier [0x00007FF734EF5AD3+3322739]\n\tGetHandleVerifier [0x00007FF734BF69FA+180890]\n\tGetHandleVerifier [0x00007FF734BFE0FF+211359]\n\tGetHandleVerifier [0x00007FF734BE5274+109332]\n\tGetHandleVerifier [0x00007FF734BE5422+109762]\n\tGetHandleVerifier [0x00007FF734BCBA39+4825]\n\tBaseThreadInitThunk [0x00007FF8A0417374+20]\n\tRtlUserThreadStart [0x00007FF8A23FCC91+33]\n","flaky":false,"newFailed":false,"newBroken":false,"newPassed":false,"retriesCount":0,"retriesStatusChange":false,"beforeStages":[{"name":"common_keywords.Ouvrir Navigateur","time":{"stop":1747034623538},"status":"passed","steps":[{"name":"SeleniumLibrary.Open Browser","time":{"start":1747034603624,"stop":1747034623284,"duration":19660},"status":"passed","steps":[],"attachments":[{"uid":"1a4d9510d5f9d360","name":"Keyword Log","source":"1a4d9510d5f9d360.html","type":"text/html","size":92}],"parameters":[{"name":"arg1","value":"${BASE_URL}"},{"name":"arg2","value":"chrome"}],"shouldDisplayMessage":false,"attachmentsCount":1,"attachmentStep":false,"hasContent":true,"stepsCount":0},{"name":"SeleniumLibrary.Maximize Browser Window","time":{"start":1747034623284,"stop":1747034623537,"duration":253},"status":"passed","steps":[],"attachments":[],"parameters":[],"shouldDisplayMessage":false,"attachmentsCount":0,"attachmentStep":false,"hasContent":false,"stepsCount":0}],"attachments":[],"parameters":[],"shouldDisplayMessage":false,"attachmentsCount":1,"attachmentStep":false,"hasContent":true,"stepsCount":2}],"testStage":{"status":"failed","statusMessage":"InvalidSelectorException: Message: invalid selector: Unable to locate an element with the xpath expression //svg/use[@xlink:href='#empty-basket'] because of the following error:\nNamespaceError: Failed to execute 'evaluate' on 'Document': The string '//svg/use[@xlink:href='#empty-basket']' contains unresolvable namespaces.\n  (Session info: chrome=136.0.7103.93); For documentation on this error, please visit: https://www.selenium.dev/documentation/webdriver/troubleshooting/errors#invalid-selector-exception\nStacktrace:\n\tGetHandleVerifier [0x00007FF734BDCF25+75717]\n\tGetHandleVerifier [0x00007FF734BDCF80+75808]\n\t(No symbol) [0x00007FF7349A8F9A]\n\t(No symbol) [0x00007FF7349B0998]\n\t(No symbol) [0x00007FF7349B3A0C]\n\t(No symbol) [0x00007FF7349B3ADF]\n\t(No symbol) [0x00007FF7349FED77]\n\t(No symbol) [0x00007FF7349FF77C]\n\t(No symbol) [0x00007FF734A525A7]\n\t(No symbol) [0x00007FF734A273BF]\n\t(No symbol) [0x00007FF734A4F39C]\n\t(No symbol) [0x00007FF734A27153]\n\t(No symbol) [0x00007FF7349F0421]\n\t(No symbol) [0x00007FF7349F11B3]\n\tGetHandleVerifier [0x00007FF734EDD6FD+3223453]\n\tGetHandleVerifier [0x00007FF734ED7CA2+3200322]\n\tGetHandleVerifier [0x00007FF734EF5AD3+3322739]\n\tGetHandleVerifier [0x00007FF734BF69FA+180890]\n\tGetHandleVerifier [0x00007FF734BFE0FF+211359]\n\tGetHandleVerifier [0x00007FF734BE5274+109332]\n\tGetHandleVerifier [0x00007FF734BE5422+109762]\n\tGetHandleVerifier [0x00007FF734BCBA39+4825]\n\tBaseThreadInitThunk [0x00007FF8A0417374+20]\n\tRtlUserThreadStart [0x00007FF8A23FCC91+33]\n","steps":[{"name":"cart_page.Hover Over Cart Icon","time":{"start":1747034623545,"stop":1747034625175,"duration":1630},"status":"failed","statusMessage":"InvalidSelectorException: Message: invalid selector: Unable to locate an element with the xpath expression //svg/use[@xlink:href='#empty-basket'] because of the following error:\nNamespaceError: Failed to execute 'evaluate' on 'Document': The string '//svg/use[@xlink:href='#empty-basket']' contains unresolvable namespaces.\n  (Session info: chrome=136.0.7103.93); For documentation on this error, please visit: https://www.selenium.dev/documentation/webdriver/troubleshooting/errors#invalid-selector-exception\nStacktrace:\n\tGetHandleVerifier [0x00007FF734BDCF25+75717]\n\tGetHandleVerifier [0x00007FF734BDCF80+75808]\n\t(No symbol) [0x00007FF7349A8F9A]\n\t(No symbol) [0x00007FF7349B0998]\n\t(No symbol) [0x00007FF7349B3A0C]\n\t(No symbol) [0x00007FF7349B3ADF]\n\t(No symbol) [0x00007FF7349FED77]\n\t(No symbol) [0x00007FF7349FF77C]\n\t(No symbol) [0x00007FF734A525A7]\n\t(No symbol) [0x00007FF734A273BF]\n\t(No symbol) [0x00007FF734A4F39C]\n\t(No symbol) [0x00007FF734A27153]\n\t(No symbol) [0x00007FF7349F0421]\n\t(No symbol) [0x00007FF7349F11B3]\n\tGetHandleVerifier [0x00007FF734EDD6FD+3223453]\n\tGetHandleVerifier [0x00007FF734ED7CA2+3200322]\n\tGetHandleVerifier [0x00007FF734EF5AD3+3322739]\n\tGetHandleVerifier [0x00007FF734BF69FA+180890]\n\tGetHandleVerifier [0x00007FF734BFE0FF+211359]\n\tGetHandleVerifier [0x00007FF734BE5274+109332]\n\tGetHandleVerifier [0x00007FF734BE5422+109762]\n\tGetHandleVerifier [0x00007FF734BCBA39+4825]\n\tBaseThreadInitThunk [0x00007FF8A0417374+20]\n\tRtlUserThreadStart [0x00007FF8A23FCC91+33]\n","steps":[{"name":"SeleniumLibrary.Wait Until Element Is Visible","time":{"start":1747034623546,"stop":1747034625173,"duration":1627},"status":"failed","statusMessage":"InvalidSelectorException: Message: invalid selector: Unable to locate an element with the xpath expression //svg/use[@xlink:href='#empty-basket'] because of the following error:\nNamespaceError: Failed to execute 'evaluate' on 'Document': The string '//svg/use[@xlink:href='#empty-basket']' contains unresolvable namespaces.\n  (Session info: chrome=136.0.7103.93); For documentation on this error, please visit: https://www.selenium.dev/documentation/webdriver/troubleshooting/errors#invalid-selector-exception\nStacktrace:\n\tGetHandleVerifier [0x00007FF734BDCF25+75717]\n\tGetHandleVerifier [0x00007FF734BDCF80+75808]\n\t(No symbol) [0x00007FF7349A8F9A]\n\t(No symbol) [0x00007FF7349B0998]\n\t(No symbol) [0x00007FF7349B3A0C]\n\t(No symbol) [0x00007FF7349B3ADF]\n\t(No symbol) [0x00007FF7349FED77]\n\t(No symbol) [0x00007FF7349FF77C]\n\t(No symbol) [0x00007FF734A525A7]\n\t(No symbol) [0x00007FF734A273BF]\n\t(No symbol) [0x00007FF734A4F39C]\n\t(No symbol) [0x00007FF734A27153]\n\t(No symbol) [0x00007FF7349F0421]\n\t(No symbol) [0x00007FF7349F11B3]\n\tGetHandleVerifier [0x00007FF734EDD6FD+3223453]\n\tGetHandleVerifier [0x00007FF734ED7CA2+3200322]\n\tGetHandleVerifier [0x00007FF734EF5AD3+3322739]\n\tGetHandleVerifier [0x00007FF734BF69FA+180890]\n\tGetHandleVerifier [0x00007FF734BFE0FF+211359]\n\tGetHandleVerifier [0x00007FF734BE5274+109332]\n\tGetHandleVerifier [0x00007FF734BE5422+109762]\n\tGetHandleVerifier [0x00007FF734BCBA39+4825]\n\tBaseThreadInitThunk [0x00007FF8A0417374+20]\n\tRtlUserThreadStart [0x00007FF8A23FCC91+33]\n","steps":[],"attachments":[{"uid":"696c366d8ea57829","name":"Keyword Log","source":"696c366d8ea57829.html","type":"text/html","size":1766}],"parameters":[{"name":"arg1","value":"${CART_ICON}"},{"name":"arg2","value":"timeout=10s"}],"shouldDisplayMessage":true,"attachmentsCount":1,"attachmentStep":false,"hasContent":true,"stepsCount":0},{"name":"SeleniumLibrary.Mouse Over","time":{"start":1747034625174,"stop":1747034625174,"duration":0},"status":"skipped","statusMessage":"InvalidSelectorException: Message: invalid selector: Unable to locate an element with the xpath expression //svg/use[@xlink:href='#empty-basket'] because of the following error:\nNamespaceError: Failed to execute 'evaluate' on 'Document': The string '//svg/use[@xlink:href='#empty-basket']' contains unresolvable namespaces.\n  (Session info: chrome=136.0.7103.93); For documentation on this error, please visit: https://www.selenium.dev/documentation/webdriver/troubleshooting/errors#invalid-selector-exception\nStacktrace:\n\tGetHandleVerifier [0x00007FF734BDCF25+75717]\n\tGetHandleVerifier [0x00007FF734BDCF80+75808]\n\t(No symbol) [0x00007FF7349A8F9A]\n\t(No symbol) [0x00007FF7349B0998]\n\t(No symbol) [0x00007FF7349B3A0C]\n\t(No symbol) [0x00007FF7349B3ADF]\n\t(No symbol) [0x00007FF7349FED77]\n\t(No symbol) [0x00007FF7349FF77C]\n\t(No symbol) [0x00007FF734A525A7]\n\t(No symbol) [0x00007FF734A273BF]\n\t(No symbol) [0x00007FF734A4F39C]\n\t(No symbol) [0x00007FF734A27153]\n\t(No symbol) [0x00007FF7349F0421]\n\t(No symbol) [0x00007FF7349F11B3]\n\tGetHandleVerifier [0x00007FF734EDD6FD+3223453]\n\tGetHandleVerifier [0x00007FF734ED7CA2+3200322]\n\tGetHandleVerifier [0x00007FF734EF5AD3+3322739]\n\tGetHandleVerifier [0x00007FF734BF69FA+180890]\n\tGetHandleVerifier [0x00007FF734BFE0FF+211359]\n\tGetHandleVerifier [0x00007FF734BE5274+109332]\n\tGetHandleVerifier [0x00007FF734BE5422+109762]\n\tGetHandleVerifier [0x00007FF734BCBA39+4825]\n\tBaseThreadInitThunk [0x00007FF8A0417374+20]\n\tRtlUserThreadStart [0x00007FF8A23FCC91+33]\n","steps":[],"attachments":[],"parameters":[{"name":"arg1","value":"${CART_ICON}"}],"shouldDisplayMessage":true,"attachmentsCount":0,"attachmentStep":false,"hasContent":true,"stepsCount":0},{"name":"SeleniumLibrary.Wait Until Element Is Visible","time":{"start":1747034625174,"stop":1747034625174,"duration":0},"status":"skipped","statusMessage":"InvalidSelectorException: Message: invalid selector: Unable to locate an element with the xpath expression //svg/use[@xlink:href='#empty-basket'] because of the following error:\nNamespaceError: Failed to execute 'evaluate' on 'Document': The string '//svg/use[@xlink:href='#empty-basket']' contains unresolvable namespaces.\n  (Session info: chrome=136.0.7103.93); For documentation on this error, please visit: https://www.selenium.dev/documentation/webdriver/troubleshooting/errors#invalid-selector-exception\nStacktrace:\n\tGetHandleVerifier [0x00007FF734BDCF25+75717]\n\tGetHandleVerifier [0x00007FF734BDCF80+75808]\n\t(No symbol) [0x00007FF7349A8F9A]\n\t(No symbol) [0x00007FF7349B0998]\n\t(No symbol) [0x00007FF7349B3A0C]\n\t(No symbol) [0x00007FF7349B3ADF]\n\t(No symbol) [0x00007FF7349FED77]\n\t(No symbol) [0x00007FF7349FF77C]\n\t(No symbol) [0x00007FF734A525A7]\n\t(No symbol) [0x00007FF734A273BF]\n\t(No symbol) [0x00007FF734A4F39C]\n\t(No symbol) [0x00007FF734A27153]\n\t(No symbol) [0x00007FF7349F0421]\n\t(No symbol) [0x00007FF7349F11B3]\n\tGetHandleVerifier [0x00007FF734EDD6FD+3223453]\n\tGetHandleVerifier [0x00007FF734ED7CA2+3200322]\n\tGetHandleVerifier [0x00007FF734EF5AD3+3322739]\n\tGetHandleVerifier [0x00007FF734BF69FA+180890]\n\tGetHandleVerifier [0x00007FF734BFE0FF+211359]\n\tGetHandleVerifier [0x00007FF734BE5274+109332]\n\tGetHandleVerifier [0x00007FF734BE5422+109762]\n\tGetHandleVerifier [0x00007FF734BCBA39+4825]\n\tBaseThreadInitThunk [0x00007FF8A0417374+20]\n\tRtlUserThreadStart [0x00007FF8A23FCC91+33]\n","steps":[],"attachments":[],"parameters":[{"name":"arg1","value":"${CART_PREVIEW_PANEL}"},{"name":"arg2","value":"timeout=10s"}],"shouldDisplayMessage":true,"attachmentsCount":0,"attachmentStep":false,"hasContent":true,"stepsCount":0}],"attachments":[],"parameters":[],"shouldDisplayMessage":false,"attachmentsCount":1,"attachmentStep":false,"hasContent":true,"stepsCount":3},{"name":"cart_page.Verify Empty Cart","time":{"start":1747034625175,"stop":1747034625175,"duration":0},"status":"skipped","statusMessage":"InvalidSelectorException: Message: invalid selector: Unable to locate an element with the xpath expression //svg/use[@xlink:href='#empty-basket'] because of the following error:\nNamespaceError: Failed to execute 'evaluate' on 'Document': The string '//svg/use[@xlink:href='#empty-basket']' contains unresolvable namespaces.\n  (Session info: chrome=136.0.7103.93); For documentation on this error, please visit: https://www.selenium.dev/documentation/webdriver/troubleshooting/errors#invalid-selector-exception\nStacktrace:\n\tGetHandleVerifier [0x00007FF734BDCF25+75717]\n\tGetHandleVerifier [0x00007FF734BDCF80+75808]\n\t(No symbol) [0x00007FF7349A8F9A]\n\t(No symbol) [0x00007FF7349B0998]\n\t(No symbol) [0x00007FF7349B3A0C]\n\t(No symbol) [0x00007FF7349B3ADF]\n\t(No symbol) [0x00007FF7349FED77]\n\t(No symbol) [0x00007FF7349FF77C]\n\t(No symbol) [0x00007FF734A525A7]\n\t(No symbol) [0x00007FF734A273BF]\n\t(No symbol) [0x00007FF734A4F39C]\n\t(No symbol) [0x00007FF734A27153]\n\t(No symbol) [0x00007FF7349F0421]\n\t(No symbol) [0x00007FF7349F11B3]\n\tGetHandleVerifier [0x00007FF734EDD6FD+3223453]\n\tGetHandleVerifier [0x00007FF734ED7CA2+3200322]\n\tGetHandleVerifier [0x00007FF734EF5AD3+3322739]\n\tGetHandleVerifier [0x00007FF734BF69FA+180890]\n\tGetHandleVerifier [0x00007FF734BFE0FF+211359]\n\tGetHandleVerifier [0x00007FF734BE5274+109332]\n\tGetHandleVerifier [0x00007FF734BE5422+109762]\n\tGetHandleVerifier [0x00007FF734BCBA39+4825]\n\tBaseThreadInitThunk [0x00007FF8A0417374+20]\n\tRtlUserThreadStart [0x00007FF8A23FCC91+33]\n","steps":[],"attachments":[],"parameters":[],"shouldDisplayMessage":true,"attachmentsCount":0,"attachmentStep":false,"hasContent":true,"stepsCount":0}],"attachments":[],"parameters":[],"shouldDisplayMessage":false,"attachmentsCount":1,"attachmentStep":false,"hasContent":true,"stepsCount":5},"afterStages":[{"name":"common_keywords.Fermer Navigateur","time":{"stop":1747034629238},"status":"passed","steps":[{"name":"SeleniumLibrary.Close Browser","time":{"start":1747034625177,"stop":1747034629237,"duration":4060},"status":"passed","steps":[],"attachments":[],"parameters":[],"shouldDisplayMessage":false,"attachmentsCount":0,"attachmentStep":false,"hasContent":false,"stepsCount":0}],"attachments":[],"parameters":[],"shouldDisplayMessage":false,"attachmentsCount":0,"attachmentStep":false,"hasContent":true,"stepsCount":1}],"labels":[{"name":"suite","value":"TestCases"},{"name":"subSuite","value":"cartTests"},{"name":"framework","value":"robotframework"},{"name":"language","value":"cpython3"},{"name":"host","value":"AK48639"},{"name":"thread","value":"default-a60f597a-bf95-4481-bb87-abffddbe6510"},{"name":"tag","value":"Cart"},{"name":"tag","value":"Empty"},{"name":"resultFormat","value":"allure2"}],"parameters":[],"links":[],"hidden":true,"retry":true,"extra":{"categories":[],"tags":["Empty","Cart"]},"source":"a6b2c3b61cbead96.json","parameterValues":[]}