{"uid":"c65acbb4d9e87df9","name":"Show Empty Cart","fullName":"TestCases.cartTests.Show Empty Cart","historyId":"bde57416da3896f203f3566a2619583a","time":{"start":1747037480950,"stop":1747037496084,"duration":15134},"status":"failed","statusMessage":"InvalidSelectorException: Message: invalid selector: Unable to locate an element with the xpath expression //h4[contains(text(), 'Panier vide')] timeout=10s because of the following error:\nSyntaxError: Failed to execute 'evaluate' on 'Document': The string '//h4[contains(text(), 'Panier vide')] timeout=10s' is not a valid XPath expression.\n  (Session info: chrome=136.0.7103.93); For documentation on this error, please visit: https://www.selenium.dev/documentation/webdriver/troubleshooting/errors#invalid-selector-exception\nStacktrace:\n\tGetHandleVerifier [0x00007FF734BDCF25+75717]\n\tGetHandleVerifier [0x00007FF734BDCF80+75808]\n\t(No symbol) [0x00007FF7349A8F9A]\n\t(No symbol) [0x00007FF7349B0998]\n\t(No symbol) [0x00007FF7349B3A0C]\n\t(No symbol) [0x00007FF7349B3ADF]\n\t(No symbol) [0x00007FF7349FED77]\n\t(No symbol) [0x00007FF7349FF77C]\n\t(No symbol) [0x00007FF734A525A7]\n\t(No symbol) [0x00007FF734A273BF]\n\t(No symbol) [0x00007FF734A4F39C]\n\t(No symbol) [0x00007FF734A27153]\n\t(No symbol) [0x00007FF7349F0421]\n\t(No symbol) [0x00007FF7349F11B3]\n\tGetHandleVerifier [0x00007FF734EDD6FD+3223453]\n\tGetHandleVerifier [0x00007FF734ED7CA2+3200322]\n\tGetHandleVerifier [0x00007FF734EF5AD3+3322739]\n\tGetHandleVerifier [0x00007FF734BF69FA+180890]\n\tGetHandleVerifier [0x00007FF734BFE0FF+211359]\n\tGetHandleVerifier [0x00007FF734BE5274+109332]\n\tGetHandleVerifier [0x00007FF734BE5422+109762]\n\tGetHandleVerifier [0x00007FF734BCBA39+4825]\n\tBaseThreadInitThunk [0x00007FF8A0417374+20]\n\tRtlUserThreadStart [0x00007FF8A23FCC91+33]\n","flaky":false,"newFailed":false,"newBroken":false,"newPassed":false,"retriesCount":0,"retriesStatusChange":false,"beforeStages":[{"name":"common_keywords.Ouvrir Navigateur","time":{"stop":1747037486715},"status":"passed","steps":[{"name":"SeleniumLibrary.Open Browser","time":{"start":1747037480957,"stop":1747037486646,"duration":5689},"status":"passed","steps":[],"attachments":[{"uid":"e1a359370e1d4b3c","name":"Keyword Log","source":"e1a359370e1d4b3c.html","type":"text/html","size":92}],"parameters":[{"name":"arg1","value":"${BASE_URL}"},{"name":"arg2","value":"chrome"}],"shouldDisplayMessage":false,"attachmentsCount":1,"attachmentStep":false,"hasContent":true,"stepsCount":0},{"name":"SeleniumLibrary.Maximize Browser Window","time":{"start":1747037486647,"stop":1747037486712,"duration":65},"status":"passed","steps":[],"attachments":[],"parameters":[],"shouldDisplayMessage":false,"attachmentsCount":0,"attachmentStep":false,"hasContent":false,"stepsCount":0}],"attachments":[],"parameters":[],"shouldDisplayMessage":false,"attachmentsCount":1,"attachmentStep":false,"hasContent":true,"stepsCount":2}],"testStage":{"status":"failed","statusMessage":"InvalidSelectorException: Message: invalid selector: Unable to locate an element with the xpath expression //h4[contains(text(), 'Panier vide')] timeout=10s because of the following error:\nSyntaxError: Failed to execute 'evaluate' on 'Document': The string '//h4[contains(text(), 'Panier vide')] timeout=10s' is not a valid XPath expression.\n  (Session info: chrome=136.0.7103.93); For documentation on this error, please visit: https://www.selenium.dev/documentation/webdriver/troubleshooting/errors#invalid-selector-exception\nStacktrace:\n\tGetHandleVerifier [0x00007FF734BDCF25+75717]\n\tGetHandleVerifier [0x00007FF734BDCF80+75808]\n\t(No symbol) [0x00007FF7349A8F9A]\n\t(No symbol) [0x00007FF7349B0998]\n\t(No symbol) [0x00007FF7349B3A0C]\n\t(No symbol) [0x00007FF7349B3ADF]\n\t(No symbol) [0x00007FF7349FED77]\n\t(No symbol) [0x00007FF7349FF77C]\n\t(No symbol) [0x00007FF734A525A7]\n\t(No symbol) [0x00007FF734A273BF]\n\t(No symbol) [0x00007FF734A4F39C]\n\t(No symbol) [0x00007FF734A27153]\n\t(No symbol) [0x00007FF7349F0421]\n\t(No symbol) [0x00007FF7349F11B3]\n\tGetHandleVerifier [0x00007FF734EDD6FD+3223453]\n\tGetHandleVerifier [0x00007FF734ED7CA2+3200322]\n\tGetHandleVerifier [0x00007FF734EF5AD3+3322739]\n\tGetHandleVerifier [0x00007FF734BF69FA+180890]\n\tGetHandleVerifier [0x00007FF734BFE0FF+211359]\n\tGetHandleVerifier [0x00007FF734BE5274+109332]\n\tGetHandleVerifier [0x00007FF734BE5422+109762]\n\tGetHandleVerifier [0x00007FF734BCBA39+4825]\n\tBaseThreadInitThunk [0x00007FF8A0417374+20]\n\tRtlUserThreadStart [0x00007FF8A23FCC91+33]\n","steps":[{"name":"cart_page.Hover Over Cart Icon","time":{"start":1747037486717,"stop":1747037491532,"duration":4815},"status":"passed","steps":[{"name":"SeleniumLibrary.Wait Until Element Is Visible","time":{"start":1747037486719,"stop":1747037488518,"duration":1799},"status":"passed","steps":[],"attachments":[],"parameters":[{"name":"arg1","value":"${BASKET_LINK}"},{"name":"arg2","value":"timeout=10s"}],"shouldDisplayMessage":false,"attachmentsCount":0,"attachmentStep":false,"hasContent":true,"stepsCount":0},{"name":"SeleniumLibrary.Mouse Over","time":{"start":1747037488519,"stop":1747037491370,"duration":2851},"status":"passed","steps":[],"attachments":[{"uid":"4df474ad5cc41132","name":"Keyword Log","source":"4df474ad5cc41132.html","type":"text/html","size":111}],"parameters":[{"name":"arg1","value":"${BASKET_LINK}"}],"shouldDisplayMessage":false,"attachmentsCount":1,"attachmentStep":false,"hasContent":true,"stepsCount":0},{"name":"SeleniumLibrary.Wait Until Element Is Visible","time":{"start":1747037491371,"stop":1747037491531,"duration":160},"status":"passed","steps":[],"attachments":[],"parameters":[{"name":"arg1","value":"${CART_PREVIEW_PANEL}"},{"name":"arg2","value":"timeout=10s"}],"shouldDisplayMessage":false,"attachmentsCount":0,"attachmentStep":false,"hasContent":true,"stepsCount":0}],"attachments":[],"parameters":[],"shouldDisplayMessage":false,"attachmentsCount":1,"attachmentStep":false,"hasContent":true,"stepsCount":3},{"name":"cart_page.Verify Empty Cart","time":{"start":1747037491535,"stop":1747037491993,"duration":458},"status":"failed","statusMessage":"InvalidSelectorException: Message: invalid selector: Unable to locate an element with the xpath expression //h4[contains(text(), 'Panier vide')] timeout=10s because of the following error:\nSyntaxError: Failed to execute 'evaluate' on 'Document': The string '//h4[contains(text(), 'Panier vide')] timeout=10s' is not a valid XPath expression.\n  (Session info: chrome=136.0.7103.93); For documentation on this error, please visit: https://www.selenium.dev/documentation/webdriver/troubleshooting/errors#invalid-selector-exception\nStacktrace:\n\tGetHandleVerifier [0x00007FF734BDCF25+75717]\n\tGetHandleVerifier [0x00007FF734BDCF80+75808]\n\t(No symbol) [0x00007FF7349A8F9A]\n\t(No symbol) [0x00007FF7349B0998]\n\t(No symbol) [0x00007FF7349B3A0C]\n\t(No symbol) [0x00007FF7349B3ADF]\n\t(No symbol) [0x00007FF7349FED77]\n\t(No symbol) [0x00007FF7349FF77C]\n\t(No symbol) [0x00007FF734A525A7]\n\t(No symbol) [0x00007FF734A273BF]\n\t(No symbol) [0x00007FF734A4F39C]\n\t(No symbol) [0x00007FF734A27153]\n\t(No symbol) [0x00007FF7349F0421]\n\t(No symbol) [0x00007FF7349F11B3]\n\tGetHandleVerifier [0x00007FF734EDD6FD+3223453]\n\tGetHandleVerifier [0x00007FF734ED7CA2+3200322]\n\tGetHandleVerifier [0x00007FF734EF5AD3+3322739]\n\tGetHandleVerifier [0x00007FF734BF69FA+180890]\n\tGetHandleVerifier [0x00007FF734BFE0FF+211359]\n\tGetHandleVerifier [0x00007FF734BE5274+109332]\n\tGetHandleVerifier [0x00007FF734BE5422+109762]\n\tGetHandleVerifier [0x00007FF734BCBA39+4825]\n\tBaseThreadInitThunk [0x00007FF8A0417374+20]\n\tRtlUserThreadStart [0x00007FF8A23FCC91+33]\n","steps":[{"name":"SeleniumLibrary.Wait Until Element Is Visible","time":{"start":1747037491536,"stop":1747037491989,"duration":453},"status":"failed","statusMessage":"InvalidSelectorException: Message: invalid selector: Unable to locate an element with the xpath expression //h4[contains(text(), 'Panier vide')] timeout=10s because of the following error:\nSyntaxError: Failed to execute 'evaluate' on 'Document': The string '//h4[contains(text(), 'Panier vide')] timeout=10s' is not a valid XPath expression.\n  (Session info: chrome=136.0.7103.93); For documentation on this error, please visit: https://www.selenium.dev/documentation/webdriver/troubleshooting/errors#invalid-selector-exception\nStacktrace:\n\tGetHandleVerifier [0x00007FF734BDCF25+75717]\n\tGetHandleVerifier [0x00007FF734BDCF80+75808]\n\t(No symbol) [0x00007FF7349A8F9A]\n\t(No symbol) [0x00007FF7349B0998]\n\t(No symbol) [0x00007FF7349B3A0C]\n\t(No symbol) [0x00007FF7349B3ADF]\n\t(No symbol) [0x00007FF7349FED77]\n\t(No symbol) [0x00007FF7349FF77C]\n\t(No symbol) [0x00007FF734A525A7]\n\t(No symbol) [0x00007FF734A273BF]\n\t(No symbol) [0x00007FF734A4F39C]\n\t(No symbol) [0x00007FF734A27153]\n\t(No symbol) [0x00007FF7349F0421]\n\t(No symbol) [0x00007FF7349F11B3]\n\tGetHandleVerifier [0x00007FF734EDD6FD+3223453]\n\tGetHandleVerifier [0x00007FF734ED7CA2+3200322]\n\tGetHandleVerifier [0x00007FF734EF5AD3+3322739]\n\tGetHandleVerifier [0x00007FF734BF69FA+180890]\n\tGetHandleVerifier [0x00007FF734BFE0FF+211359]\n\tGetHandleVerifier [0x00007FF734BE5274+109332]\n\tGetHandleVerifier [0x00007FF734BE5422+109762]\n\tGetHandleVerifier [0x00007FF734BCBA39+4825]\n\tBaseThreadInitThunk [0x00007FF8A0417374+20]\n\tRtlUserThreadStart [0x00007FF8A23FCC91+33]\n","steps":[],"attachments":[{"uid":"3ee693a44f09d4c2","name":"Keyword Log","source":"3ee693a44f09d4c2.html","type":"text/html","size":1784}],"parameters":[{"name":"arg1","value":"${CART_EMPTY_MESSAGE} timeout=10s"}],"shouldDisplayMessage":true,"attachmentsCount":1,"attachmentStep":false,"hasContent":true,"stepsCount":0},{"name":"SeleniumLibrary.Element Should Be Visible","time":{"start":1747037491990,"stop":1747037491990,"duration":0},"status":"skipped","statusMessage":"InvalidSelectorException: Message: invalid selector: Unable to locate an element with the xpath expression //h4[contains(text(), 'Panier vide')] timeout=10s because of the following error:\nSyntaxError: Failed to execute 'evaluate' on 'Document': The string '//h4[contains(text(), 'Panier vide')] timeout=10s' is not a valid XPath expression.\n  (Session info: chrome=136.0.7103.93); For documentation on this error, please visit: https://www.selenium.dev/documentation/webdriver/troubleshooting/errors#invalid-selector-exception\nStacktrace:\n\tGetHandleVerifier [0x00007FF734BDCF25+75717]\n\tGetHandleVerifier [0x00007FF734BDCF80+75808]\n\t(No symbol) [0x00007FF7349A8F9A]\n\t(No symbol) [0x00007FF7349B0998]\n\t(No symbol) [0x00007FF7349B3A0C]\n\t(No symbol) [0x00007FF7349B3ADF]\n\t(No symbol) [0x00007FF7349FED77]\n\t(No symbol) [0x00007FF7349FF77C]\n\t(No symbol) [0x00007FF734A525A7]\n\t(No symbol) [0x00007FF734A273BF]\n\t(No symbol) [0x00007FF734A4F39C]\n\t(No symbol) [0x00007FF734A27153]\n\t(No symbol) [0x00007FF7349F0421]\n\t(No symbol) [0x00007FF7349F11B3]\n\tGetHandleVerifier [0x00007FF734EDD6FD+3223453]\n\tGetHandleVerifier [0x00007FF734ED7CA2+3200322]\n\tGetHandleVerifier [0x00007FF734EF5AD3+3322739]\n\tGetHandleVerifier [0x00007FF734BF69FA+180890]\n\tGetHandleVerifier [0x00007FF734BFE0FF+211359]\n\tGetHandleVerifier [0x00007FF734BE5274+109332]\n\tGetHandleVerifier [0x00007FF734BE5422+109762]\n\tGetHandleVerifier [0x00007FF734BCBA39+4825]\n\tBaseThreadInitThunk [0x00007FF8A0417374+20]\n\tRtlUserThreadStart [0x00007FF8A23FCC91+33]\n","steps":[],"attachments":[],"parameters":[{"name":"arg1","value":"${CART_ICON}"},{"name":"arg2","value":"timeout=10s"}],"shouldDisplayMessage":true,"attachmentsCount":0,"attachmentStep":false,"hasContent":true,"stepsCount":0},{"name":"SeleniumLibrary.Element Should Not Be Visible","time":{"start":1747037491991,"stop":1747037491992,"duration":1},"status":"skipped","statusMessage":"InvalidSelectorException: Message: invalid selector: Unable to locate an element with the xpath expression //h4[contains(text(), 'Panier vide')] timeout=10s because of the following error:\nSyntaxError: Failed to execute 'evaluate' on 'Document': The string '//h4[contains(text(), 'Panier vide')] timeout=10s' is not a valid XPath expression.\n  (Session info: chrome=136.0.7103.93); For documentation on this error, please visit: https://www.selenium.dev/documentation/webdriver/troubleshooting/errors#invalid-selector-exception\nStacktrace:\n\tGetHandleVerifier [0x00007FF734BDCF25+75717]\n\tGetHandleVerifier [0x00007FF734BDCF80+75808]\n\t(No symbol) [0x00007FF7349A8F9A]\n\t(No symbol) [0x00007FF7349B0998]\n\t(No symbol) [0x00007FF7349B3A0C]\n\t(No symbol) [0x00007FF7349B3ADF]\n\t(No symbol) [0x00007FF7349FED77]\n\t(No symbol) [0x00007FF7349FF77C]\n\t(No symbol) [0x00007FF734A525A7]\n\t(No symbol) [0x00007FF734A273BF]\n\t(No symbol) [0x00007FF734A4F39C]\n\t(No symbol) [0x00007FF734A27153]\n\t(No symbol) [0x00007FF7349F0421]\n\t(No symbol) [0x00007FF7349F11B3]\n\tGetHandleVerifier [0x00007FF734EDD6FD+3223453]\n\tGetHandleVerifier [0x00007FF734ED7CA2+3200322]\n\tGetHandleVerifier [0x00007FF734EF5AD3+3322739]\n\tGetHandleVerifier [0x00007FF734BF69FA+180890]\n\tGetHandleVerifier [0x00007FF734BFE0FF+211359]\n\tGetHandleVerifier [0x00007FF734BE5274+109332]\n\tGetHandleVerifier [0x00007FF734BE5422+109762]\n\tGetHandleVerifier [0x00007FF734BCBA39+4825]\n\tBaseThreadInitThunk [0x00007FF8A0417374+20]\n\tRtlUserThreadStart [0x00007FF8A23FCC91+33]\n","steps":[],"attachments":[],"parameters":[{"name":"arg1","value":"${CART_ITEM}"}],"shouldDisplayMessage":true,"attachmentsCount":0,"attachmentStep":false,"hasContent":true,"stepsCount":0}],"attachments":[],"parameters":[],"shouldDisplayMessage":false,"attachmentsCount":1,"attachmentStep":false,"hasContent":true,"stepsCount":3}],"attachments":[],"parameters":[],"shouldDisplayMessage":false,"attachmentsCount":2,"attachmentStep":false,"hasContent":true,"stepsCount":8},"afterStages":[{"name":"common_keywords.Fermer Navigateur","time":{"stop":1747037496068},"status":"passed","steps":[{"name":"SeleniumLibrary.Close Browser","time":{"start":1747037491996,"stop":1747037496067,"duration":4071},"status":"passed","steps":[],"attachments":[],"parameters":[],"shouldDisplayMessage":false,"attachmentsCount":0,"attachmentStep":false,"hasContent":false,"stepsCount":0}],"attachments":[],"parameters":[],"shouldDisplayMessage":false,"attachmentsCount":0,"attachmentStep":false,"hasContent":true,"stepsCount":1}],"labels":[{"name":"suite","value":"TestCases"},{"name":"subSuite","value":"cartTests"},{"name":"framework","value":"robotframework"},{"name":"language","value":"cpython3"},{"name":"host","value":"AK48639"},{"name":"thread","value":"default-1c193dd2-9077-402d-b711-122ae75aba42"},{"name":"tag","value":"Cart"},{"name":"tag","value":"Empty"},{"name":"resultFormat","value":"allure2"}],"parameters":[],"links":[],"hidden":true,"retry":true,"extra":{"categories":[],"tags":["Empty","Cart"]},"source":"c65acbb4d9e87df9.json","parameterValues":[]}