{"uid":"f0f9df7124a7293f","name":"Show Empty Cart","fullName":"cartTests.Show Empty Cart","historyId":"98aefc1a1dfadba36071c40079b1f2a2","time":{"start":1747037694074,"stop":1747037718754,"duration":24680},"status":"failed","statusMessage":"InvalidSelectorException: Message: invalid selector: Unable to locate an element with the xpath expression //h4[contains(text(), 'Panier vide')] timeout=50s because of the following error:\nSyntaxError: Failed to execute 'evaluate' on 'Document': The string '//h4[contains(text(), 'Panier vide')] timeout=50s' is not a valid XPath expression.\n  (Session info: chrome=136.0.7103.93); For documentation on this error, please visit: https://www.selenium.dev/documentation/webdriver/troubleshooting/errors#invalid-selector-exception\nStacktrace:\n\tGetHandleVerifier [0x00007FF734BDCF25+75717]\n\tGetHandleVerifier [0x00007FF734BDCF80+75808]\n\t(No symbol) [0x00007FF7349A8F9A]\n\t(No symbol) [0x00007FF7349B0998]\n\t(No symbol) [0x00007FF7349B3A0C]\n\t(No symbol) [0x00007FF7349B3ADF]\n\t(No symbol) [0x00007FF7349FED77]\n\t(No symbol) [0x00007FF7349FF77C]\n\t(No symbol) [0x00007FF734A525A7]\n\t(No symbol) [0x00007FF734A273BF]\n\t(No symbol) [0x00007FF734A4F39C]\n\t(No symbol) [0x00007FF734A27153]\n\t(No symbol) [0x00007FF7349F0421]\n\t(No symbol) [0x00007FF7349F11B3]\n\tGetHandleVerifier [0x00007FF734EDD6FD+3223453]\n\tGetHandleVerifier [0x00007FF734ED7CA2+3200322]\n\tGetHandleVerifier [0x00007FF734EF5AD3+3322739]\n\tGetHandleVerifier [0x00007FF734BF69FA+180890]\n\tGetHandleVerifier [0x00007FF734BFE0FF+211359]\n\tGetHandleVerifier [0x00007FF734BE5274+109332]\n\tGetHandleVerifier [0x00007FF734BE5422+109762]\n\tGetHandleVerifier [0x00007FF734BCBA39+4825]\n\tBaseThreadInitThunk [0x00007FF8A0417374+20]\n\tRtlUserThreadStart [0x00007FF8A23FCC91+33]\n","flaky":false,"newFailed":false,"newBroken":false,"newPassed":false,"retriesCount":0,"retriesStatusChange":false,"beforeStages":[{"name":"common_keywords.Ouvrir Navigateur","time":{"stop":1747037707032},"status":"passed","steps":[{"name":"SeleniumLibrary.Open Browser","time":{"start":1747037694078,"stop":1747037706168,"duration":12090},"status":"passed","steps":[],"attachments":[{"uid":"6008bbbe205de852","name":"Keyword Log","source":"6008bbbe205de852.html","type":"text/html","size":92}],"parameters":[{"name":"arg1","value":"${BASE_URL}"},{"name":"arg2","value":"chrome"}],"shouldDisplayMessage":false,"attachmentsCount":1,"attachmentStep":false,"hasContent":true,"stepsCount":0},{"name":"SeleniumLibrary.Maximize Browser Window","time":{"start":1747037706170,"stop":1747037707031,"duration":861},"status":"passed","steps":[],"attachments":[],"parameters":[],"shouldDisplayMessage":false,"attachmentsCount":0,"attachmentStep":false,"hasContent":false,"stepsCount":0}],"attachments":[],"parameters":[],"shouldDisplayMessage":false,"attachmentsCount":1,"attachmentStep":false,"hasContent":true,"stepsCount":2}],"testStage":{"status":"failed","statusMessage":"InvalidSelectorException: Message: invalid selector: Unable to locate an element with the xpath expression //h4[contains(text(), 'Panier vide')] timeout=50s because of the following error:\nSyntaxError: Failed to execute 'evaluate' on 'Document': The string '//h4[contains(text(), 'Panier vide')] timeout=50s' is not a valid XPath expression.\n  (Session info: chrome=136.0.7103.93); For documentation on this error, please visit: https://www.selenium.dev/documentation/webdriver/troubleshooting/errors#invalid-selector-exception\nStacktrace:\n\tGetHandleVerifier [0x00007FF734BDCF25+75717]\n\tGetHandleVerifier [0x00007FF734BDCF80+75808]\n\t(No symbol) [0x00007FF7349A8F9A]\n\t(No symbol) [0x00007FF7349B0998]\n\t(No symbol) [0x00007FF7349B3A0C]\n\t(No symbol) [0x00007FF7349B3ADF]\n\t(No symbol) [0x00007FF7349FED77]\n\t(No symbol) [0x00007FF7349FF77C]\n\t(No symbol) [0x00007FF734A525A7]\n\t(No symbol) [0x00007FF734A273BF]\n\t(No symbol) [0x00007FF734A4F39C]\n\t(No symbol) [0x00007FF734A27153]\n\t(No symbol) [0x00007FF7349F0421]\n\t(No symbol) [0x00007FF7349F11B3]\n\tGetHandleVerifier [0x00007FF734EDD6FD+3223453]\n\tGetHandleVerifier [0x00007FF734ED7CA2+3200322]\n\tGetHandleVerifier [0x00007FF734EF5AD3+3322739]\n\tGetHandleVerifier [0x00007FF734BF69FA+180890]\n\tGetHandleVerifier [0x00007FF734BFE0FF+211359]\n\tGetHandleVerifier [0x00007FF734BE5274+109332]\n\tGetHandleVerifier [0x00007FF734BE5422+109762]\n\tGetHandleVerifier [0x00007FF734BCBA39+4825]\n\tBaseThreadInitThunk [0x00007FF8A0417374+20]\n\tRtlUserThreadStart [0x00007FF8A23FCC91+33]\n","steps":[{"name":"login_page.Accepter Les Cookies Si Pr√©sent","time":{"start":1747037707042,"stop":1747037708665,"duration":1623},"status":"passed","steps":[{"name":"SeleniumLibrary.Wait Until Element Is Visible","time":{"start":1747037707044,"stop":1747037707361,"duration":317},"status":"passed","steps":[],"attachments":[],"parameters":[{"name":"arg1","value":"${ACCEPTER_COOKIES_BUTTON}"},{"name":"arg2","value":"timeout=15s"}],"shouldDisplayMessage":false,"attachmentsCount":0,"attachmentStep":false,"hasContent":true,"stepsCount":0},{"name":"SeleniumLibrary.Click Button","time":{"start":1747037707361,"stop":1747037708663,"duration":1302},"status":"passed","steps":[],"attachments":[{"uid":"c5e449e9a4a4c72b","name":"Keyword Log","source":"c5e449e9a4a4c72b.html","type":"text/html","size":124}],"parameters":[{"name":"arg1","value":"${ACCEPTER_COOKIES_BUTTON}"}],"shouldDisplayMessage":false,"attachmentsCount":1,"attachmentStep":false,"hasContent":true,"stepsCount":0}],"attachments":[],"parameters":[],"shouldDisplayMessage":false,"attachmentsCount":1,"attachmentStep":false,"hasContent":true,"stepsCount":2},{"name":"cart_page.Hover Over Cart Icon","time":{"start":1747037708669,"stop":1747037714024,"duration":5355},"status":"passed","steps":[{"name":"SeleniumLibrary.Wait Until Element Is Visible","time":{"start":1747037708672,"stop":1747037713550,"duration":4878},"status":"passed","steps":[],"attachments":[],"parameters":[{"name":"arg1","value":"${BASKET_LINK}"},{"name":"arg2","value":"timeout=50s"}],"shouldDisplayMessage":false,"attachmentsCount":0,"attachmentStep":false,"hasContent":true,"stepsCount":0},{"name":"SeleniumLibrary.Mouse Over","time":{"start":1747037713550,"stop":1747037713934,"duration":384},"status":"passed","steps":[],"attachments":[{"uid":"feec8c63a2f09877","name":"Keyword Log","source":"feec8c63a2f09877.html","type":"text/html","size":111}],"parameters":[{"name":"arg1","value":"${BASKET_LINK}"}],"shouldDisplayMessage":false,"attachmentsCount":1,"attachmentStep":false,"hasContent":true,"stepsCount":0},{"name":"SeleniumLibrary.Wait Until Element Is Visible","time":{"start":1747037713935,"stop":1747037714022,"duration":87},"status":"passed","steps":[],"attachments":[],"parameters":[{"name":"arg1","value":"${CART_PREVIEW_PANEL}"},{"name":"arg2","value":"timeout=50s"}],"shouldDisplayMessage":false,"attachmentsCount":0,"attachmentStep":false,"hasContent":true,"stepsCount":0}],"attachments":[],"parameters":[],"shouldDisplayMessage":false,"attachmentsCount":1,"attachmentStep":false,"hasContent":true,"stepsCount":3},{"name":"cart_page.Verify Empty Cart","time":{"start":1747037714026,"stop":1747037714545,"duration":519},"status":"failed","statusMessage":"InvalidSelectorException: Message: invalid selector: Unable to locate an element with the xpath expression //h4[contains(text(), 'Panier vide')] timeout=50s because of the following error:\nSyntaxError: Failed to execute 'evaluate' on 'Document': The string '//h4[contains(text(), 'Panier vide')] timeout=50s' is not a valid XPath expression.\n  (Session info: chrome=136.0.7103.93); For documentation on this error, please visit: https://www.selenium.dev/documentation/webdriver/troubleshooting/errors#invalid-selector-exception\nStacktrace:\n\tGetHandleVerifier [0x00007FF734BDCF25+75717]\n\tGetHandleVerifier [0x00007FF734BDCF80+75808]\n\t(No symbol) [0x00007FF7349A8F9A]\n\t(No symbol) [0x00007FF7349B0998]\n\t(No symbol) [0x00007FF7349B3A0C]\n\t(No symbol) [0x00007FF7349B3ADF]\n\t(No symbol) [0x00007FF7349FED77]\n\t(No symbol) [0x00007FF7349FF77C]\n\t(No symbol) [0x00007FF734A525A7]\n\t(No symbol) [0x00007FF734A273BF]\n\t(No symbol) [0x00007FF734A4F39C]\n\t(No symbol) [0x00007FF734A27153]\n\t(No symbol) [0x00007FF7349F0421]\n\t(No symbol) [0x00007FF7349F11B3]\n\tGetHandleVerifier [0x00007FF734EDD6FD+3223453]\n\tGetHandleVerifier [0x00007FF734ED7CA2+3200322]\n\tGetHandleVerifier [0x00007FF734EF5AD3+3322739]\n\tGetHandleVerifier [0x00007FF734BF69FA+180890]\n\tGetHandleVerifier [0x00007FF734BFE0FF+211359]\n\tGetHandleVerifier [0x00007FF734BE5274+109332]\n\tGetHandleVerifier [0x00007FF734BE5422+109762]\n\tGetHandleVerifier [0x00007FF734BCBA39+4825]\n\tBaseThreadInitThunk [0x00007FF8A0417374+20]\n\tRtlUserThreadStart [0x00007FF8A23FCC91+33]\n","steps":[{"name":"SeleniumLibrary.Wait Until Element Is Visible","time":{"start":1747037714029,"stop":1747037714542,"duration":513},"status":"failed","statusMessage":"InvalidSelectorException: Message: invalid selector: Unable to locate an element with the xpath expression //h4[contains(text(), 'Panier vide')] timeout=50s because of the following error:\nSyntaxError: Failed to execute 'evaluate' on 'Document': The string '//h4[contains(text(), 'Panier vide')] timeout=50s' is not a valid XPath expression.\n  (Session info: chrome=136.0.7103.93); For documentation on this error, please visit: https://www.selenium.dev/documentation/webdriver/troubleshooting/errors#invalid-selector-exception\nStacktrace:\n\tGetHandleVerifier [0x00007FF734BDCF25+75717]\n\tGetHandleVerifier [0x00007FF734BDCF80+75808]\n\t(No symbol) [0x00007FF7349A8F9A]\n\t(No symbol) [0x00007FF7349B0998]\n\t(No symbol) [0x00007FF7349B3A0C]\n\t(No symbol) [0x00007FF7349B3ADF]\n\t(No symbol) [0x00007FF7349FED77]\n\t(No symbol) [0x00007FF7349FF77C]\n\t(No symbol) [0x00007FF734A525A7]\n\t(No symbol) [0x00007FF734A273BF]\n\t(No symbol) [0x00007FF734A4F39C]\n\t(No symbol) [0x00007FF734A27153]\n\t(No symbol) [0x00007FF7349F0421]\n\t(No symbol) [0x00007FF7349F11B3]\n\tGetHandleVerifier [0x00007FF734EDD6FD+3223453]\n\tGetHandleVerifier [0x00007FF734ED7CA2+3200322]\n\tGetHandleVerifier [0x00007FF734EF5AD3+3322739]\n\tGetHandleVerifier [0x00007FF734BF69FA+180890]\n\tGetHandleVerifier [0x00007FF734BFE0FF+211359]\n\tGetHandleVerifier [0x00007FF734BE5274+109332]\n\tGetHandleVerifier [0x00007FF734BE5422+109762]\n\tGetHandleVerifier [0x00007FF734BCBA39+4825]\n\tBaseThreadInitThunk [0x00007FF8A0417374+20]\n\tRtlUserThreadStart [0x00007FF8A23FCC91+33]\n","steps":[],"attachments":[{"uid":"ac3c6f466c5db3bf","name":"Keyword Log","source":"ac3c6f466c5db3bf.html","type":"text/html","size":1784}],"parameters":[{"name":"arg1","value":"${CART_EMPTY_MESSAGE} timeout=50s"}],"shouldDisplayMessage":true,"attachmentsCount":1,"attachmentStep":false,"hasContent":true,"stepsCount":0},{"name":"SeleniumLibrary.Element Should Be Visible","time":{"start":1747037714543,"stop":1747037714543,"duration":0},"status":"skipped","statusMessage":"InvalidSelectorException: Message: invalid selector: Unable to locate an element with the xpath expression //h4[contains(text(), 'Panier vide')] timeout=50s because of the following error:\nSyntaxError: Failed to execute 'evaluate' on 'Document': The string '//h4[contains(text(), 'Panier vide')] timeout=50s' is not a valid XPath expression.\n  (Session info: chrome=136.0.7103.93); For documentation on this error, please visit: https://www.selenium.dev/documentation/webdriver/troubleshooting/errors#invalid-selector-exception\nStacktrace:\n\tGetHandleVerifier [0x00007FF734BDCF25+75717]\n\tGetHandleVerifier [0x00007FF734BDCF80+75808]\n\t(No symbol) [0x00007FF7349A8F9A]\n\t(No symbol) [0x00007FF7349B0998]\n\t(No symbol) [0x00007FF7349B3A0C]\n\t(No symbol) [0x00007FF7349B3ADF]\n\t(No symbol) [0x00007FF7349FED77]\n\t(No symbol) [0x00007FF7349FF77C]\n\t(No symbol) [0x00007FF734A525A7]\n\t(No symbol) [0x00007FF734A273BF]\n\t(No symbol) [0x00007FF734A4F39C]\n\t(No symbol) [0x00007FF734A27153]\n\t(No symbol) [0x00007FF7349F0421]\n\t(No symbol) [0x00007FF7349F11B3]\n\tGetHandleVerifier [0x00007FF734EDD6FD+3223453]\n\tGetHandleVerifier [0x00007FF734ED7CA2+3200322]\n\tGetHandleVerifier [0x00007FF734EF5AD3+3322739]\n\tGetHandleVerifier [0x00007FF734BF69FA+180890]\n\tGetHandleVerifier [0x00007FF734BFE0FF+211359]\n\tGetHandleVerifier [0x00007FF734BE5274+109332]\n\tGetHandleVerifier [0x00007FF734BE5422+109762]\n\tGetHandleVerifier [0x00007FF734BCBA39+4825]\n\tBaseThreadInitThunk [0x00007FF8A0417374+20]\n\tRtlUserThreadStart [0x00007FF8A23FCC91+33]\n","steps":[],"attachments":[],"parameters":[{"name":"arg1","value":"${CART_ICON}"},{"name":"arg2","value":"timeout=50s"}],"shouldDisplayMessage":true,"attachmentsCount":0,"attachmentStep":false,"hasContent":true,"stepsCount":0},{"name":"SeleniumLibrary.Element Should Not Be Visible","time":{"start":1747037714544,"stop":1747037714544,"duration":0},"status":"skipped","statusMessage":"InvalidSelectorException: Message: invalid selector: Unable to locate an element with the xpath expression //h4[contains(text(), 'Panier vide')] timeout=50s because of the following error:\nSyntaxError: Failed to execute 'evaluate' on 'Document': The string '//h4[contains(text(), 'Panier vide')] timeout=50s' is not a valid XPath expression.\n  (Session info: chrome=136.0.7103.93); For documentation on this error, please visit: https://www.selenium.dev/documentation/webdriver/troubleshooting/errors#invalid-selector-exception\nStacktrace:\n\tGetHandleVerifier [0x00007FF734BDCF25+75717]\n\tGetHandleVerifier [0x00007FF734BDCF80+75808]\n\t(No symbol) [0x00007FF7349A8F9A]\n\t(No symbol) [0x00007FF7349B0998]\n\t(No symbol) [0x00007FF7349B3A0C]\n\t(No symbol) [0x00007FF7349B3ADF]\n\t(No symbol) [0x00007FF7349FED77]\n\t(No symbol) [0x00007FF7349FF77C]\n\t(No symbol) [0x00007FF734A525A7]\n\t(No symbol) [0x00007FF734A273BF]\n\t(No symbol) [0x00007FF734A4F39C]\n\t(No symbol) [0x00007FF734A27153]\n\t(No symbol) [0x00007FF7349F0421]\n\t(No symbol) [0x00007FF7349F11B3]\n\tGetHandleVerifier [0x00007FF734EDD6FD+3223453]\n\tGetHandleVerifier [0x00007FF734ED7CA2+3200322]\n\tGetHandleVerifier [0x00007FF734EF5AD3+3322739]\n\tGetHandleVerifier [0x00007FF734BF69FA+180890]\n\tGetHandleVerifier [0x00007FF734BFE0FF+211359]\n\tGetHandleVerifier [0x00007FF734BE5274+109332]\n\tGetHandleVerifier [0x00007FF734BE5422+109762]\n\tGetHandleVerifier [0x00007FF734BCBA39+4825]\n\tBaseThreadInitThunk [0x00007FF8A0417374+20]\n\tRtlUserThreadStart [0x00007FF8A23FCC91+33]\n","steps":[],"attachments":[],"parameters":[{"name":"arg1","value":"${CART_ITEM}"}],"shouldDisplayMessage":true,"attachmentsCount":0,"attachmentStep":false,"hasContent":true,"stepsCount":0}],"attachments":[],"parameters":[],"shouldDisplayMessage":false,"attachmentsCount":1,"attachmentStep":false,"hasContent":true,"stepsCount":3}],"attachments":[],"parameters":[],"shouldDisplayMessage":false,"attachmentsCount":3,"attachmentStep":false,"hasContent":true,"stepsCount":11},"afterStages":[{"name":"common_keywords.Fermer Navigateur","time":{"stop":1747037718753},"status":"passed","steps":[{"name":"SeleniumLibrary.Close Browser","time":{"start":1747037714549,"stop":1747037718752,"duration":4203},"status":"passed","steps":[],"attachments":[],"parameters":[],"shouldDisplayMessage":false,"attachmentsCount":0,"attachmentStep":false,"hasContent":false,"stepsCount":0}],"attachments":[],"parameters":[],"shouldDisplayMessage":false,"attachmentsCount":0,"attachmentStep":false,"hasContent":true,"stepsCount":1}],"labels":[{"name":"suite","value":"cartTests"},{"name":"framework","value":"robotframework"},{"name":"language","value":"cpython3"},{"name":"host","value":"AK48639"},{"name":"thread","value":"default-95acf7ee-ebe4-475f-9739-cf26f583df87"},{"name":"tag","value":"Cart"},{"name":"tag","value":"Empty"},{"name":"resultFormat","value":"allure2"}],"parameters":[],"links":[],"hidden":true,"retry":true,"extra":{"categories":[],"tags":["Empty","Cart"]},"source":"f0f9df7124a7293f.json","parameterValues":[]}