{"name": "Show Empty Cart", "status": "failed", "statusDetails": {"message": "InvalidSelectorException: Message: invalid selector: Unable to locate an element with the xpath expression //svg/use[@xlink:href='https://www.cdiscount.com/pc-resources/svg/symbol/sprite.cc6a58f7091dd458bd643ebd80256602.svg#empty-basket'] because of the following error:\nNamespaceError: Failed to execute 'evaluate' on 'Document': The string '//svg/use[@xlink:href='https://www.cdiscount.com/pc-resources/svg/symbol/sprite.cc6a58f7091dd458bd643ebd80256602.svg#empty-basket']' contains unresolvable namespaces.\n  (Session info: chrome=136.0.7103.93); For documentation on this error, please visit: https://www.selenium.dev/documentation/webdriver/troubleshooting/errors#invalid-selector-exception\nStacktrace:\n\tGetHandleVerifier [0x00007FF734BDCF25+75717]\n\tGetHandleVerifier [0x00007FF734BDCF80+75808]\n\t(No symbol) [0x00007FF7349A8F9A]\n\t(No symbol) [0x00007FF7349B0998]\n\t(No symbol) [0x00007FF7349B3A0C]\n\t(No symbol) [0x00007FF7349B3ADF]\n\t(No symbol) [0x00007FF7349FED77]\n\t(No symbol) [0x00007FF7349FF77C]\n\t(No symbol) [0x00007FF734A525A7]\n\t(No symbol) [0x00007FF734A273BF]\n\t(No symbol) [0x00007FF734A4F39C]\n\t(No symbol) [0x00007FF734A27153]\n\t(No symbol) [0x00007FF7349F0421]\n\t(No symbol) [0x00007FF7349F11B3]\n\tGetHandleVerifier [0x00007FF734EDD6FD+3223453]\n\tGetHandleVerifier [0x00007FF734ED7CA2+3200322]\n\tGetHandleVerifier [0x00007FF734EF5AD3+3322739]\n\tGetHandleVerifier [0x00007FF734BF69FA+180890]\n\tGetHandleVerifier [0x00007FF734BFE0FF+211359]\n\tGetHandleVerifier [0x00007FF734BE5274+109332]\n\tGetHandleVerifier [0x00007FF734BE5422+109762]\n\tGetHandleVerifier [0x00007FF734BCBA39+4825]\n\tBaseThreadInitThunk [0x00007FF8A0417374+20]\n\tRtlUserThreadStart [0x00007FF8A23FCC91+33]\n"}, "steps": [{"name": "cart_page.Hover Over Cart Icon", "status": "failed", "statusDetails": {"message": "InvalidSelectorException: Message: invalid selector: Unable to locate an element with the xpath expression //svg/use[@xlink:href='https://www.cdiscount.com/pc-resources/svg/symbol/sprite.cc6a58f7091dd458bd643ebd80256602.svg#empty-basket'] because of the following error:\nNamespaceError: Failed to execute 'evaluate' on 'Document': The string '//svg/use[@xlink:href='https://www.cdiscount.com/pc-resources/svg/symbol/sprite.cc6a58f7091dd458bd643ebd80256602.svg#empty-basket']' contains unresolvable namespaces.\n  (Session info: chrome=136.0.7103.93); For documentation on this error, please visit: https://www.selenium.dev/documentation/webdriver/troubleshooting/errors#invalid-selector-exception\nStacktrace:\n\tGetHandleVerifier [0x00007FF734BDCF25+75717]\n\tGetHandleVerifier [0x00007FF734BDCF80+75808]\n\t(No symbol) [0x00007FF7349A8F9A]\n\t(No symbol) [0x00007FF7349B0998]\n\t(No symbol) [0x00007FF7349B3A0C]\n\t(No symbol) [0x00007FF7349B3ADF]\n\t(No symbol) [0x00007FF7349FED77]\n\t(No symbol) [0x00007FF7349FF77C]\n\t(No symbol) [0x00007FF734A525A7]\n\t(No symbol) [0x00007FF734A273BF]\n\t(No symbol) [0x00007FF734A4F39C]\n\t(No symbol) [0x00007FF734A27153]\n\t(No symbol) [0x00007FF7349F0421]\n\t(No symbol) [0x00007FF7349F11B3]\n\tGetHandleVerifier [0x00007FF734EDD6FD+3223453]\n\tGetHandleVerifier [0x00007FF734ED7CA2+3200322]\n\tGetHandleVerifier [0x00007FF734EF5AD3+3322739]\n\tGetHandleVerifier [0x00007FF734BF69FA+180890]\n\tGetHandleVerifier [0x00007FF734BFE0FF+211359]\n\tGetHandleVerifier [0x00007FF734BE5274+109332]\n\tGetHandleVerifier [0x00007FF734BE5422+109762]\n\tGetHandleVerifier [0x00007FF734BCBA39+4825]\n\tBaseThreadInitThunk [0x00007FF8A0417374+20]\n\tRtlUserThreadStart [0x00007FF8A23FCC91+33]\n"}, "steps": [{"name": "SeleniumLibrary.Wait Until Element Is Visible", "status": "failed", "statusDetails": {"message": "InvalidSelectorException: Message: invalid selector: Unable to locate an element with the xpath expression //svg/use[@xlink:href='https://www.cdiscount.com/pc-resources/svg/symbol/sprite.cc6a58f7091dd458bd643ebd80256602.svg#empty-basket'] because of the following error:\nNamespaceError: Failed to execute 'evaluate' on 'Document': The string '//svg/use[@xlink:href='https://www.cdiscount.com/pc-resources/svg/symbol/sprite.cc6a58f7091dd458bd643ebd80256602.svg#empty-basket']' contains unresolvable namespaces.\n  (Session info: chrome=136.0.7103.93); For documentation on this error, please visit: https://www.selenium.dev/documentation/webdriver/troubleshooting/errors#invalid-selector-exception\nStacktrace:\n\tGetHandleVerifier [0x00007FF734BDCF25+75717]\n\tGetHandleVerifier [0x00007FF734BDCF80+75808]\n\t(No symbol) [0x00007FF7349A8F9A]\n\t(No symbol) [0x00007FF7349B0998]\n\t(No symbol) [0x00007FF7349B3A0C]\n\t(No symbol) [0x00007FF7349B3ADF]\n\t(No symbol) [0x00007FF7349FED77]\n\t(No symbol) [0x00007FF7349FF77C]\n\t(No symbol) [0x00007FF734A525A7]\n\t(No symbol) [0x00007FF734A273BF]\n\t(No symbol) [0x00007FF734A4F39C]\n\t(No symbol) [0x00007FF734A27153]\n\t(No symbol) [0x00007FF7349F0421]\n\t(No symbol) [0x00007FF7349F11B3]\n\tGetHandleVerifier [0x00007FF734EDD6FD+3223453]\n\tGetHandleVerifier [0x00007FF734ED7CA2+3200322]\n\tGetHandleVerifier [0x00007FF734EF5AD3+3322739]\n\tGetHandleVerifier [0x00007FF734BF69FA+180890]\n\tGetHandleVerifier [0x00007FF734BFE0FF+211359]\n\tGetHandleVerifier [0x00007FF734BE5274+109332]\n\tGetHandleVerifier [0x00007FF734BE5422+109762]\n\tGetHandleVerifier [0x00007FF734BCBA39+4825]\n\tBaseThreadInitThunk [0x00007FF8A0417374+20]\n\tRtlUserThreadStart [0x00007FF8A23FCC91+33]\n"}, "attachments": [{"name": "Keyword Log", "source": "11ac502a-86fa-400f-a0a2-8975dc253c00-attachment.html", "type": "text/html"}], "parameters": [{"name": "arg1", "value": "${CART_ICON}"}, {"name": "arg2", "value": "timeout=10s"}], "start": 1747035858316, "stop": 1747035858980}, {"name": "SeleniumLibrary.Mouse Over", "status": "skipped", "statusDetails": {"message": "InvalidSelectorException: Message: invalid selector: Unable to locate an element with the xpath expression //svg/use[@xlink:href='https://www.cdiscount.com/pc-resources/svg/symbol/sprite.cc6a58f7091dd458bd643ebd80256602.svg#empty-basket'] because of the following error:\nNamespaceError: Failed to execute 'evaluate' on 'Document': The string '//svg/use[@xlink:href='https://www.cdiscount.com/pc-resources/svg/symbol/sprite.cc6a58f7091dd458bd643ebd80256602.svg#empty-basket']' contains unresolvable namespaces.\n  (Session info: chrome=136.0.7103.93); For documentation on this error, please visit: https://www.selenium.dev/documentation/webdriver/troubleshooting/errors#invalid-selector-exception\nStacktrace:\n\tGetHandleVerifier [0x00007FF734BDCF25+75717]\n\tGetHandleVerifier [0x00007FF734BDCF80+75808]\n\t(No symbol) [0x00007FF7349A8F9A]\n\t(No symbol) [0x00007FF7349B0998]\n\t(No symbol) [0x00007FF7349B3A0C]\n\t(No symbol) [0x00007FF7349B3ADF]\n\t(No symbol) [0x00007FF7349FED77]\n\t(No symbol) [0x00007FF7349FF77C]\n\t(No symbol) [0x00007FF734A525A7]\n\t(No symbol) [0x00007FF734A273BF]\n\t(No symbol) [0x00007FF734A4F39C]\n\t(No symbol) [0x00007FF734A27153]\n\t(No symbol) [0x00007FF7349F0421]\n\t(No symbol) [0x00007FF7349F11B3]\n\tGetHandleVerifier [0x00007FF734EDD6FD+3223453]\n\tGetHandleVerifier [0x00007FF734ED7CA2+3200322]\n\tGetHandleVerifier [0x00007FF734EF5AD3+3322739]\n\tGetHandleVerifier [0x00007FF734BF69FA+180890]\n\tGetHandleVerifier [0x00007FF734BFE0FF+211359]\n\tGetHandleVerifier [0x00007FF734BE5274+109332]\n\tGetHandleVerifier [0x00007FF734BE5422+109762]\n\tGetHandleVerifier [0x00007FF734BCBA39+4825]\n\tBaseThreadInitThunk [0x00007FF8A0417374+20]\n\tRtlUserThreadStart [0x00007FF8A23FCC91+33]\n"}, "parameters": [{"name": "arg1", "value": "${CART_ICON}"}], "start": 1747035858981, "stop": 1747035858982}, {"name": "SeleniumLibrary.Wait Until Element Is Visible", "status": "skipped", "statusDetails": {"message": "InvalidSelectorException: Message: invalid selector: Unable to locate an element with the xpath expression //svg/use[@xlink:href='https://www.cdiscount.com/pc-resources/svg/symbol/sprite.cc6a58f7091dd458bd643ebd80256602.svg#empty-basket'] because of the following error:\nNamespaceError: Failed to execute 'evaluate' on 'Document': The string '//svg/use[@xlink:href='https://www.cdiscount.com/pc-resources/svg/symbol/sprite.cc6a58f7091dd458bd643ebd80256602.svg#empty-basket']' contains unresolvable namespaces.\n  (Session info: chrome=136.0.7103.93); For documentation on this error, please visit: https://www.selenium.dev/documentation/webdriver/troubleshooting/errors#invalid-selector-exception\nStacktrace:\n\tGetHandleVerifier [0x00007FF734BDCF25+75717]\n\tGetHandleVerifier [0x00007FF734BDCF80+75808]\n\t(No symbol) [0x00007FF7349A8F9A]\n\t(No symbol) [0x00007FF7349B0998]\n\t(No symbol) [0x00007FF7349B3A0C]\n\t(No symbol) [0x00007FF7349B3ADF]\n\t(No symbol) [0x00007FF7349FED77]\n\t(No symbol) [0x00007FF7349FF77C]\n\t(No symbol) [0x00007FF734A525A7]\n\t(No symbol) [0x00007FF734A273BF]\n\t(No symbol) [0x00007FF734A4F39C]\n\t(No symbol) [0x00007FF734A27153]\n\t(No symbol) [0x00007FF7349F0421]\n\t(No symbol) [0x00007FF7349F11B3]\n\tGetHandleVerifier [0x00007FF734EDD6FD+3223453]\n\tGetHandleVerifier [0x00007FF734ED7CA2+3200322]\n\tGetHandleVerifier [0x00007FF734EF5AD3+3322739]\n\tGetHandleVerifier [0x00007FF734BF69FA+180890]\n\tGetHandleVerifier [0x00007FF734BFE0FF+211359]\n\tGetHandleVerifier [0x00007FF734BE5274+109332]\n\tGetHandleVerifier [0x00007FF734BE5422+109762]\n\tGetHandleVerifier [0x00007FF734BCBA39+4825]\n\tBaseThreadInitThunk [0x00007FF8A0417374+20]\n\tRtlUserThreadStart [0x00007FF8A23FCC91+33]\n"}, "parameters": [{"name": "arg1", "value": "${CART_PREVIEW_PANEL}"}, {"name": "arg2", "value": "timeout=10s"}], "start": 1747035858982, "stop": 1747035858982}], "start": 1747035858315, "stop": 1747035858983}, {"name": "cart_page.Verify Empty Cart", "status": "skipped", "statusDetails": {"message": "InvalidSelectorException: Message: invalid selector: Unable to locate an element with the xpath expression //svg/use[@xlink:href='https://www.cdiscount.com/pc-resources/svg/symbol/sprite.cc6a58f7091dd458bd643ebd80256602.svg#empty-basket'] because of the following error:\nNamespaceError: Failed to execute 'evaluate' on 'Document': The string '//svg/use[@xlink:href='https://www.cdiscount.com/pc-resources/svg/symbol/sprite.cc6a58f7091dd458bd643ebd80256602.svg#empty-basket']' contains unresolvable namespaces.\n  (Session info: chrome=136.0.7103.93); For documentation on this error, please visit: https://www.selenium.dev/documentation/webdriver/troubleshooting/errors#invalid-selector-exception\nStacktrace:\n\tGetHandleVerifier [0x00007FF734BDCF25+75717]\n\tGetHandleVerifier [0x00007FF734BDCF80+75808]\n\t(No symbol) [0x00007FF7349A8F9A]\n\t(No symbol) [0x00007FF7349B0998]\n\t(No symbol) [0x00007FF7349B3A0C]\n\t(No symbol) [0x00007FF7349B3ADF]\n\t(No symbol) [0x00007FF7349FED77]\n\t(No symbol) [0x00007FF7349FF77C]\n\t(No symbol) [0x00007FF734A525A7]\n\t(No symbol) [0x00007FF734A273BF]\n\t(No symbol) [0x00007FF734A4F39C]\n\t(No symbol) [0x00007FF734A27153]\n\t(No symbol) [0x00007FF7349F0421]\n\t(No symbol) [0x00007FF7349F11B3]\n\tGetHandleVerifier [0x00007FF734EDD6FD+3223453]\n\tGetHandleVerifier [0x00007FF734ED7CA2+3200322]\n\tGetHandleVerifier [0x00007FF734EF5AD3+3322739]\n\tGetHandleVerifier [0x00007FF734BF69FA+180890]\n\tGetHandleVerifier [0x00007FF734BFE0FF+211359]\n\tGetHandleVerifier [0x00007FF734BE5274+109332]\n\tGetHandleVerifier [0x00007FF734BE5422+109762]\n\tGetHandleVerifier [0x00007FF734BCBA39+4825]\n\tBaseThreadInitThunk [0x00007FF8A0417374+20]\n\tRtlUserThreadStart [0x00007FF8A23FCC91+33]\n"}, "start": 1747035858984, "stop": 1747035858985}], "start": 1747035839046, "stop": 1747035864108, "uuid": "f19881d5-1957-473c-93bf-6a0bebca82b7", "historyId": "bde57416da3896f203f3566a2619583a", "fullName": "TestCases.cartTests.Show Empty Cart", "labels": [{"name": "suite", "value": "TestCases"}, {"name": "subSuite", "value": "cartTests"}, {"name": "framework", "value": "robotframework"}, {"name": "language", "value": "cpython3"}, {"name": "host", "value": "AK48639"}, {"name": "thread", "value": "default-74e7888e-a54a-4817-967d-3728532942b7"}, {"name": "tag", "value": "Cart"}, {"name": "tag", "value": "Empty"}]}