{"name": "Connexion Avec Credentials Valides", "status": "failed", "statusDetails": {"message": "InvalidSelectorException: Message: invalid selector: Unable to locate an element with the xpath expression //svg/use[@xlink:href='https://www.cdiscount.com/pc-resources/svg/symbol/sprite.cc6a58f7091dd458bd643ebd80256602.svg#empty-basket'] because of the following error:\nNamespaceError: Failed to execute 'evaluate' on 'Document': The string '//svg/use[@xlink:href='https://www.cdiscount.com/pc-resources/svg/symbol/sprite.cc6a58f7091dd458bd643ebd80256602.svg#empty-basket']' contains unresolvable namespaces.\n  (Session info: chrome=136.0.7103.93); For documentation on this error, please visit: https://www.selenium.dev/documentation/webdriver/troubleshooting/errors#invalid-selector-exception\nStacktrace:\n\tGetHandleVerifier [0x00007FF734BDCF25+75717]\n\tGetHandleVerifier [0x00007FF734BDCF80+75808]\n\t(No symbol) [0x00007FF7349A8F9A]\n\t(No symbol) [0x00007FF7349B0998]\n\t(No symbol) [0x00007FF7349B3A0C]\n\t(No symbol) [0x00007FF7349B3ADF]\n\t(No symbol) [0x00007FF7349FED77]\n\t(No symbol) [0x00007FF7349FF77C]\n\t(No symbol) [0x00007FF734A525A7]\n\t(No symbol) [0x00007FF734A273BF]\n\t(No symbol) [0x00007FF734A4F39C]\n\t(No symbol) [0x00007FF734A27153]\n\t(No symbol) [0x00007FF7349F0421]\n\t(No symbol) [0x00007FF7349F11B3]\n\tGetHandleVerifier [0x00007FF734EDD6FD+3223453]\n\tGetHandleVerifier [0x00007FF734ED7CA2+3200322]\n\tGetHandleVerifier [0x00007FF734EF5AD3+3322739]\n\tGetHandleVerifier [0x00007FF734BF69FA+180890]\n\tGetHandleVerifier [0x00007FF734BFE0FF+211359]\n\tGetHandleVerifier [0x00007FF734BE5274+109332]\n\tGetHandleVerifier [0x00007FF734BE5422+109762]\n\tGetHandleVerifier [0x00007FF734BCBA39+4825]\n\tBaseThreadInitThunk [0x00007FF8A0417374+20]\n\tRtlUserThreadStart [0x00007FF8A23FCC91+33]\n"}, "steps": [{"name": "login_page.Aller Jusqu'à Saisie Mot De Passe", "status": "passed", "statusDetails": {}, "steps": [{"name": "login_page.Accepter Les Cookies Si Présent", "status": "passed", "statusDetails": {}, "steps": [{"name": "SeleniumLibrary.Wait Until Element Is Visible", "status": "passed", "statusDetails": {}, "parameters": [{"name": "arg1", "value": "${ACCEPTER_COOKIES_BUTTON}"}, {"name": "arg2", "value": "timeout=15s"}], "start": 1747036022310, "stop": 1747036022545}, {"name": "SeleniumLibrary.Click Button", "status": "passed", "statusDetails": {}, "attachments": [{"name": "Keyword Log", "source": "fa239ce0-d9b7-471c-a10b-1c8e994867a6-attachment.html", "type": "text/html"}], "parameters": [{"name": "arg1", "value": "${ACCEPTER_COOKIES_BUTTON}"}], "start": 1747036022546, "stop": 1747036023076}], "start": 1747036022308, "stop": 1747036023077}, {"name": "login_page.Cliquer Sur Connectez Vous", "status": "passed", "statusDetails": {}, "steps": [{"name": "SeleniumLibrary.Wait Until Element Is Visible", "status": "passed", "statusDetails": {}, "parameters": [{"name": "arg1", "value": "${CONNECTEZ_VOUS_LINK}"}, {"name": "arg2", "value": "timeout=10s"}], "start": 1747036023078, "stop": 1747036023455}, {"name": "SeleniumLibrary.Click Element", "status": "passed", "statusDetails": {}, "attachments": [{"name": "Keyword Log", "source": "2e001983-faf3-450a-b004-c440a122649b-attachment.html", "type": "text/html"}], "parameters": [{"name": "arg1", "value": "${CONNECTEZ_VOUS_LINK}"}], "start": 1747036023455, "stop": 1747036029987}], "start": 1747036023078, "stop": 1747036029988}, {"name": "login_page.Attendre Redirection Page Login", "status": "passed", "statusDetails": {}, "steps": [{"name": "SeleniumLibrary.Wait Until Location Contains", "status": "passed", "statusDetails": {}, "parameters": [{"name": "arg1", "value": "/Account/LoginLight.html"}, {"name": "arg2", "value": "timeout=10s"}], "start": 1747036029992, "stop": 1747036030006}], "start": 1747036029989, "stop": 1747036030008}, {"name": "login_page.Saisir Email Et Continuer", "status": "passed", "statusDetails": {}, "steps": [{"name": "SeleniumLibrary.Wait Until Element Is Visible", "status": "passed", "statusDetails": {}, "parameters": [{"name": "arg1", "value": "${EMAIL_INPUT}"}, {"name": "arg2", "value": "timeout=10s"}], "start": 1747036030010, "stop": 1747036030279}, {"name": "SeleniumLibrary.Input Text", "status": "passed", "statusDetails": {}, "attachments": [{"name": "Keyword Log", "source": "0e29a207-97e9-45f9-91a4-3b1deb88b70a-attachment.html", "type": "text/html"}], "parameters": [{"name": "arg1", "value": "${EMAIL_INPUT}"}, {"name": "arg2", "value": "${EMAIL}"}], "start": 1747036030279, "stop": 1747036031048}, {"name": "SeleniumLibrary.Click Element", "status": "passed", "statusDetails": {}, "attachments": [{"name": "Keyword Log", "source": "2fc0cbd2-707e-49e5-aa4a-b6827523fd4d-attachment.html", "type": "text/html"}], "parameters": [{"name": "arg1", "value": "${VALIDATE_EMAIL_BUTTON}"}], "start": 1747036031049, "stop": 1747036038146}, {"name": "SeleniumLibrary.Wait Until Element Is Visible", "status": "passed", "statusDetails": {}, "parameters": [{"name": "arg1", "value": "${PASSWORD_INPUT}"}, {"name": "arg2", "value": "timeout=10s"}], "start": 1747036038148, "stop": 1747036038245}], "start": 1747036030008, "stop": 1747036038245}], "start": 1747036022307, "stop": 1747036038246}, {"name": "login_page.Saisir Mot De Passe Et Se Connecter", "status": "passed", "statusDetails": {}, "steps": [{"name": "SeleniumLibrary.Wait Until Element Is Visible", "status": "passed", "statusDetails": {}, "parameters": [{"name": "arg1", "value": "${PASSWORD_INPUT}"}, {"name": "arg2", "value": "timeout=10s"}], "start": 1747036038247, "stop": 1747036038286}, {"name": "SeleniumLibrary.Input Text", "status": "passed", "statusDetails": {}, "attachments": [{"name": "Keyword Log", "source": "1f44d930-9464-4764-ad75-7146c7968834-attachment.html", "type": "text/html"}], "parameters": [{"name": "arg1", "value": "${PASSWORD_INPUT}"}, {"name": "arg2", "value": "${PASSWORD}"}], "start": 1747036038287, "stop": 1747036038580}, {"name": "SeleniumLibrary.Click Element", "status": "passed", "statusDetails": {}, "attachments": [{"name": "Keyword Log", "source": "365fb0fa-f332-4f93-b46a-6c72e3bda43c-attachment.html", "type": "text/html"}], "parameters": [{"name": "arg1", "value": "${LOGIN_BUTTON}"}], "start": 1747036038581, "stop": 1747036047812}], "start": 1747036038247, "stop": 1747036047815}, {"name": "login_page.Verifier Connexion Reussie", "status": "passed", "statusDetails": {}, "steps": [{"name": "SeleniumLibrary.Wait Until Location Is", "status": "passed", "statusDetails": {}, "parameters": [{"name": "arg1", "value": "${ACCOUNT_HOME_URL}"}, {"name": "arg2", "value": "timeout=10s"}], "start": 1747036047820, "stop": 1747036047962}, {"name": "SeleniumLibrary.Location Should Be", "status": "passed", "statusDetails": {}, "attachments": [{"name": "Keyword Log", "source": "d1ef429e-16ee-4d6a-a57c-f34df1201bfc-attachment.html", "type": "text/html"}], "parameters": [{"name": "arg1", "value": "${ACCOUNT_HOME_URL}"}], "start": 1747036047963, "stop": 1747036047982}], "start": 1747036047817, "stop": 1747036047984}, {"name": "cart_page.Hover Over Cart Icon", "status": "failed", "statusDetails": {"message": "InvalidSelectorException: Message: invalid selector: Unable to locate an element with the xpath expression //svg/use[@xlink:href='https://www.cdiscount.com/pc-resources/svg/symbol/sprite.cc6a58f7091dd458bd643ebd80256602.svg#empty-basket'] because of the following error:\nNamespaceError: Failed to execute 'evaluate' on 'Document': The string '//svg/use[@xlink:href='https://www.cdiscount.com/pc-resources/svg/symbol/sprite.cc6a58f7091dd458bd643ebd80256602.svg#empty-basket']' contains unresolvable namespaces.\n  (Session info: chrome=136.0.7103.93); For documentation on this error, please visit: https://www.selenium.dev/documentation/webdriver/troubleshooting/errors#invalid-selector-exception\nStacktrace:\n\tGetHandleVerifier [0x00007FF734BDCF25+75717]\n\tGetHandleVerifier [0x00007FF734BDCF80+75808]\n\t(No symbol) [0x00007FF7349A8F9A]\n\t(No symbol) [0x00007FF7349B0998]\n\t(No symbol) [0x00007FF7349B3A0C]\n\t(No symbol) [0x00007FF7349B3ADF]\n\t(No symbol) [0x00007FF7349FED77]\n\t(No symbol) [0x00007FF7349FF77C]\n\t(No symbol) [0x00007FF734A525A7]\n\t(No symbol) [0x00007FF734A273BF]\n\t(No symbol) [0x00007FF734A4F39C]\n\t(No symbol) [0x00007FF734A27153]\n\t(No symbol) [0x00007FF7349F0421]\n\t(No symbol) [0x00007FF7349F11B3]\n\tGetHandleVerifier [0x00007FF734EDD6FD+3223453]\n\tGetHandleVerifier [0x00007FF734ED7CA2+3200322]\n\tGetHandleVerifier [0x00007FF734EF5AD3+3322739]\n\tGetHandleVerifier [0x00007FF734BF69FA+180890]\n\tGetHandleVerifier [0x00007FF734BFE0FF+211359]\n\tGetHandleVerifier [0x00007FF734BE5274+109332]\n\tGetHandleVerifier [0x00007FF734BE5422+109762]\n\tGetHandleVerifier [0x00007FF734BCBA39+4825]\n\tBaseThreadInitThunk [0x00007FF8A0417374+20]\n\tRtlUserThreadStart [0x00007FF8A23FCC91+33]\n"}, "steps": [{"name": "SeleniumLibrary.Wait Until Element Is Visible", "status": "failed", "statusDetails": {"message": "InvalidSelectorException: Message: invalid selector: Unable to locate an element with the xpath expression //svg/use[@xlink:href='https://www.cdiscount.com/pc-resources/svg/symbol/sprite.cc6a58f7091dd458bd643ebd80256602.svg#empty-basket'] because of the following error:\nNamespaceError: Failed to execute 'evaluate' on 'Document': The string '//svg/use[@xlink:href='https://www.cdiscount.com/pc-resources/svg/symbol/sprite.cc6a58f7091dd458bd643ebd80256602.svg#empty-basket']' contains unresolvable namespaces.\n  (Session info: chrome=136.0.7103.93); For documentation on this error, please visit: https://www.selenium.dev/documentation/webdriver/troubleshooting/errors#invalid-selector-exception\nStacktrace:\n\tGetHandleVerifier [0x00007FF734BDCF25+75717]\n\tGetHandleVerifier [0x00007FF734BDCF80+75808]\n\t(No symbol) [0x00007FF7349A8F9A]\n\t(No symbol) [0x00007FF7349B0998]\n\t(No symbol) [0x00007FF7349B3A0C]\n\t(No symbol) [0x00007FF7349B3ADF]\n\t(No symbol) [0x00007FF7349FED77]\n\t(No symbol) [0x00007FF7349FF77C]\n\t(No symbol) [0x00007FF734A525A7]\n\t(No symbol) [0x00007FF734A273BF]\n\t(No symbol) [0x00007FF734A4F39C]\n\t(No symbol) [0x00007FF734A27153]\n\t(No symbol) [0x00007FF7349F0421]\n\t(No symbol) [0x00007FF7349F11B3]\n\tGetHandleVerifier [0x00007FF734EDD6FD+3223453]\n\tGetHandleVerifier [0x00007FF734ED7CA2+3200322]\n\tGetHandleVerifier [0x00007FF734EF5AD3+3322739]\n\tGetHandleVerifier [0x00007FF734BF69FA+180890]\n\tGetHandleVerifier [0x00007FF734BFE0FF+211359]\n\tGetHandleVerifier [0x00007FF734BE5274+109332]\n\tGetHandleVerifier [0x00007FF734BE5422+109762]\n\tGetHandleVerifier [0x00007FF734BCBA39+4825]\n\tBaseThreadInitThunk [0x00007FF8A0417374+20]\n\tRtlUserThreadStart [0x00007FF8A23FCC91+33]\n"}, "attachments": [{"name": "Keyword Log", "source": "83e696a1-73ab-431e-b8ac-5b12b97ef7f7-attachment.html", "type": "text/html"}], "parameters": [{"name": "arg1", "value": "${CART_ICON}"}, {"name": "arg2", "value": "timeout=10s"}], "start": 1747036047987, "stop": 1747036048318}, {"name": "SeleniumLibrary.Mouse Over", "status": "skipped", "statusDetails": {"message": "InvalidSelectorException: Message: invalid selector: Unable to locate an element with the xpath expression //svg/use[@xlink:href='https://www.cdiscount.com/pc-resources/svg/symbol/sprite.cc6a58f7091dd458bd643ebd80256602.svg#empty-basket'] because of the following error:\nNamespaceError: Failed to execute 'evaluate' on 'Document': The string '//svg/use[@xlink:href='https://www.cdiscount.com/pc-resources/svg/symbol/sprite.cc6a58f7091dd458bd643ebd80256602.svg#empty-basket']' contains unresolvable namespaces.\n  (Session info: chrome=136.0.7103.93); For documentation on this error, please visit: https://www.selenium.dev/documentation/webdriver/troubleshooting/errors#invalid-selector-exception\nStacktrace:\n\tGetHandleVerifier [0x00007FF734BDCF25+75717]\n\tGetHandleVerifier [0x00007FF734BDCF80+75808]\n\t(No symbol) [0x00007FF7349A8F9A]\n\t(No symbol) [0x00007FF7349B0998]\n\t(No symbol) [0x00007FF7349B3A0C]\n\t(No symbol) [0x00007FF7349B3ADF]\n\t(No symbol) [0x00007FF7349FED77]\n\t(No symbol) [0x00007FF7349FF77C]\n\t(No symbol) [0x00007FF734A525A7]\n\t(No symbol) [0x00007FF734A273BF]\n\t(No symbol) [0x00007FF734A4F39C]\n\t(No symbol) [0x00007FF734A27153]\n\t(No symbol) [0x00007FF7349F0421]\n\t(No symbol) [0x00007FF7349F11B3]\n\tGetHandleVerifier [0x00007FF734EDD6FD+3223453]\n\tGetHandleVerifier [0x00007FF734ED7CA2+3200322]\n\tGetHandleVerifier [0x00007FF734EF5AD3+3322739]\n\tGetHandleVerifier [0x00007FF734BF69FA+180890]\n\tGetHandleVerifier [0x00007FF734BFE0FF+211359]\n\tGetHandleVerifier [0x00007FF734BE5274+109332]\n\tGetHandleVerifier [0x00007FF734BE5422+109762]\n\tGetHandleVerifier [0x00007FF734BCBA39+4825]\n\tBaseThreadInitThunk [0x00007FF8A0417374+20]\n\tRtlUserThreadStart [0x00007FF8A23FCC91+33]\n"}, "parameters": [{"name": "arg1", "value": "${CART_ICON}"}], "start": 1747036048320, "stop": 1747036048320}, {"name": "SeleniumLibrary.Wait Until Element Is Visible", "status": "skipped", "statusDetails": {"message": "InvalidSelectorException: Message: invalid selector: Unable to locate an element with the xpath expression //svg/use[@xlink:href='https://www.cdiscount.com/pc-resources/svg/symbol/sprite.cc6a58f7091dd458bd643ebd80256602.svg#empty-basket'] because of the following error:\nNamespaceError: Failed to execute 'evaluate' on 'Document': The string '//svg/use[@xlink:href='https://www.cdiscount.com/pc-resources/svg/symbol/sprite.cc6a58f7091dd458bd643ebd80256602.svg#empty-basket']' contains unresolvable namespaces.\n  (Session info: chrome=136.0.7103.93); For documentation on this error, please visit: https://www.selenium.dev/documentation/webdriver/troubleshooting/errors#invalid-selector-exception\nStacktrace:\n\tGetHandleVerifier [0x00007FF734BDCF25+75717]\n\tGetHandleVerifier [0x00007FF734BDCF80+75808]\n\t(No symbol) [0x00007FF7349A8F9A]\n\t(No symbol) [0x00007FF7349B0998]\n\t(No symbol) [0x00007FF7349B3A0C]\n\t(No symbol) [0x00007FF7349B3ADF]\n\t(No symbol) [0x00007FF7349FED77]\n\t(No symbol) [0x00007FF7349FF77C]\n\t(No symbol) [0x00007FF734A525A7]\n\t(No symbol) [0x00007FF734A273BF]\n\t(No symbol) [0x00007FF734A4F39C]\n\t(No symbol) [0x00007FF734A27153]\n\t(No symbol) [0x00007FF7349F0421]\n\t(No symbol) [0x00007FF7349F11B3]\n\tGetHandleVerifier [0x00007FF734EDD6FD+3223453]\n\tGetHandleVerifier [0x00007FF734ED7CA2+3200322]\n\tGetHandleVerifier [0x00007FF734EF5AD3+3322739]\n\tGetHandleVerifier [0x00007FF734BF69FA+180890]\n\tGetHandleVerifier [0x00007FF734BFE0FF+211359]\n\tGetHandleVerifier [0x00007FF734BE5274+109332]\n\tGetHandleVerifier [0x00007FF734BE5422+109762]\n\tGetHandleVerifier [0x00007FF734BCBA39+4825]\n\tBaseThreadInitThunk [0x00007FF8A0417374+20]\n\tRtlUserThreadStart [0x00007FF8A23FCC91+33]\n"}, "parameters": [{"name": "arg1", "value": "${CART_PREVIEW_PANEL}"}, {"name": "arg2", "value": "timeout=10s"}], "start": 1747036048320, "stop": 1747036048321}], "start": 1747036047985, "stop": 1747036048322}, {"name": "cart_page.Verify Empty Cart", "status": "skipped", "statusDetails": {"message": "InvalidSelectorException: Message: invalid selector: Unable to locate an element with the xpath expression //svg/use[@xlink:href='https://www.cdiscount.com/pc-resources/svg/symbol/sprite.cc6a58f7091dd458bd643ebd80256602.svg#empty-basket'] because of the following error:\nNamespaceError: Failed to execute 'evaluate' on 'Document': The string '//svg/use[@xlink:href='https://www.cdiscount.com/pc-resources/svg/symbol/sprite.cc6a58f7091dd458bd643ebd80256602.svg#empty-basket']' contains unresolvable namespaces.\n  (Session info: chrome=136.0.7103.93); For documentation on this error, please visit: https://www.selenium.dev/documentation/webdriver/troubleshooting/errors#invalid-selector-exception\nStacktrace:\n\tGetHandleVerifier [0x00007FF734BDCF25+75717]\n\tGetHandleVerifier [0x00007FF734BDCF80+75808]\n\t(No symbol) [0x00007FF7349A8F9A]\n\t(No symbol) [0x00007FF7349B0998]\n\t(No symbol) [0x00007FF7349B3A0C]\n\t(No symbol) [0x00007FF7349B3ADF]\n\t(No symbol) [0x00007FF7349FED77]\n\t(No symbol) [0x00007FF7349FF77C]\n\t(No symbol) [0x00007FF734A525A7]\n\t(No symbol) [0x00007FF734A273BF]\n\t(No symbol) [0x00007FF734A4F39C]\n\t(No symbol) [0x00007FF734A27153]\n\t(No symbol) [0x00007FF7349F0421]\n\t(No symbol) [0x00007FF7349F11B3]\n\tGetHandleVerifier [0x00007FF734EDD6FD+3223453]\n\tGetHandleVerifier [0x00007FF734ED7CA2+3200322]\n\tGetHandleVerifier [0x00007FF734EF5AD3+3322739]\n\tGetHandleVerifier [0x00007FF734BF69FA+180890]\n\tGetHandleVerifier [0x00007FF734BFE0FF+211359]\n\tGetHandleVerifier [0x00007FF734BE5274+109332]\n\tGetHandleVerifier [0x00007FF734BE5422+109762]\n\tGetHandleVerifier [0x00007FF734BCBA39+4825]\n\tBaseThreadInitThunk [0x00007FF8A0417374+20]\n\tRtlUserThreadStart [0x00007FF8A23FCC91+33]\n"}, "start": 1747036048323, "stop": 1747036048323}], "start": 1747036005662, "stop": 1747036054129, "uuid": "447c0b0c-1231-4f4e-8256-860e00f8f609", "historyId": "4998e513faf38512a037d782583d7251", "fullName": "TestCases.connexionUser.Connexion Avec Credentials Valides", "labels": [{"name": "suite", "value": "TestCases"}, {"name": "subSuite", "value": "connexionUser"}, {"name": "framework", "value": "robotframework"}, {"name": "language", "value": "cpython3"}, {"name": "host", "value": "AK48639"}, {"name": "thread", "value": "default-8238a609-0f8d-4f46-a608-e6c9ddfb1d2a"}, {"name": "tag", "value": "HappyPath"}]}