{"name": "Show Empty Cart", "status": "failed", "statusDetails": {"message": "InvalidSelectorException: Message: invalid selector: Unable to locate an element with the xpath expression //h4[contains(text(), 'Panier vide')] timeout=50s because of the following error:\nSyntaxError: Failed to execute 'evaluate' on 'Document': The string '//h4[contains(text(), 'Panier vide')] timeout=50s' is not a valid XPath expression.\n  (Session info: chrome=136.0.7103.93); For documentation on this error, please visit: https://www.selenium.dev/documentation/webdriver/troubleshooting/errors#invalid-selector-exception\nStacktrace:\n\tGetHandleVerifier [0x00007FF734BDCF25+75717]\n\tGetHandleVerifier [0x00007FF734BDCF80+75808]\n\t(No symbol) [0x00007FF7349A8F9A]\n\t(No symbol) [0x00007FF7349B0998]\n\t(No symbol) [0x00007FF7349B3A0C]\n\t(No symbol) [0x00007FF7349B3ADF]\n\t(No symbol) [0x00007FF7349FED77]\n\t(No symbol) [0x00007FF7349FF77C]\n\t(No symbol) [0x00007FF734A525A7]\n\t(No symbol) [0x00007FF734A273BF]\n\t(No symbol) [0x00007FF734A4F39C]\n\t(No symbol) [0x00007FF734A27153]\n\t(No symbol) [0x00007FF7349F0421]\n\t(No symbol) [0x00007FF7349F11B3]\n\tGetHandleVerifier [0x00007FF734EDD6FD+3223453]\n\tGetHandleVerifier [0x00007FF734ED7CA2+3200322]\n\tGetHandleVerifier [0x00007FF734EF5AD3+3322739]\n\tGetHandleVerifier [0x00007FF734BF69FA+180890]\n\tGetHandleVerifier [0x00007FF734BFE0FF+211359]\n\tGetHandleVerifier [0x00007FF734BE5274+109332]\n\tGetHandleVerifier [0x00007FF734BE5422+109762]\n\tGetHandleVerifier [0x00007FF734BCBA39+4825]\n\tBaseThreadInitThunk [0x00007FF8A0417374+20]\n\tRtlUserThreadStart [0x00007FF8A23FCC91+33]\n"}, "steps": [{"name": "login_page.Accepter Les Cookies Si Pr√©sent", "status": "passed", "statusDetails": {}, "steps": [{"name": "SeleniumLibrary.Wait Until Element Is Visible", "status": "passed", "statusDetails": {}, "parameters": [{"name": "arg1", "value": "${ACCEPTER_COOKIES_BUTTON}"}, {"name": "arg2", "value": "timeout=15s"}], "start": 1747037707044, "stop": 1747037707361}, {"name": "SeleniumLibrary.Click Button", "status": "passed", "statusDetails": {}, "attachments": [{"name": "Keyword Log", "source": "6051a1c6-cea1-4326-ad5e-97405b75f950-attachment.html", "type": "text/html"}], "parameters": [{"name": "arg1", "value": "${ACCEPTER_COOKIES_BUTTON}"}], "start": 1747037707361, "stop": 1747037708663}], "start": 1747037707042, "stop": 1747037708665}, {"name": "cart_page.Hover Over Cart Icon", "status": "passed", "statusDetails": {}, "steps": [{"name": "SeleniumLibrary.Wait Until Element Is Visible", "status": "passed", "statusDetails": {}, "parameters": [{"name": "arg1", "value": "${BASKET_LINK}"}, {"name": "arg2", "value": "timeout=50s"}], "start": 1747037708672, "stop": 1747037713550}, {"name": "SeleniumLibrary.Mouse Over", "status": "passed", "statusDetails": {}, "attachments": [{"name": "Keyword Log", "source": "ef96239a-5707-46bf-9020-4ade1bb9593f-attachment.html", "type": "text/html"}], "parameters": [{"name": "arg1", "value": "${BASKET_LINK}"}], "start": 1747037713550, "stop": 1747037713934}, {"name": "SeleniumLibrary.Wait Until Element Is Visible", "status": "passed", "statusDetails": {}, "parameters": [{"name": "arg1", "value": "${CART_PREVIEW_PANEL}"}, {"name": "arg2", "value": "timeout=50s"}], "start": 1747037713935, "stop": 1747037714022}], "start": 1747037708669, "stop": 1747037714024}, {"name": "cart_page.Verify Empty Cart", "status": "failed", "statusDetails": {"message": "InvalidSelectorException: Message: invalid selector: Unable to locate an element with the xpath expression //h4[contains(text(), 'Panier vide')] timeout=50s because of the following error:\nSyntaxError: Failed to execute 'evaluate' on 'Document': The string '//h4[contains(text(), 'Panier vide')] timeout=50s' is not a valid XPath expression.\n  (Session info: chrome=136.0.7103.93); For documentation on this error, please visit: https://www.selenium.dev/documentation/webdriver/troubleshooting/errors#invalid-selector-exception\nStacktrace:\n\tGetHandleVerifier [0x00007FF734BDCF25+75717]\n\tGetHandleVerifier [0x00007FF734BDCF80+75808]\n\t(No symbol) [0x00007FF7349A8F9A]\n\t(No symbol) [0x00007FF7349B0998]\n\t(No symbol) [0x00007FF7349B3A0C]\n\t(No symbol) [0x00007FF7349B3ADF]\n\t(No symbol) [0x00007FF7349FED77]\n\t(No symbol) [0x00007FF7349FF77C]\n\t(No symbol) [0x00007FF734A525A7]\n\t(No symbol) [0x00007FF734A273BF]\n\t(No symbol) [0x00007FF734A4F39C]\n\t(No symbol) [0x00007FF734A27153]\n\t(No symbol) [0x00007FF7349F0421]\n\t(No symbol) [0x00007FF7349F11B3]\n\tGetHandleVerifier [0x00007FF734EDD6FD+3223453]\n\tGetHandleVerifier [0x00007FF734ED7CA2+3200322]\n\tGetHandleVerifier [0x00007FF734EF5AD3+3322739]\n\tGetHandleVerifier [0x00007FF734BF69FA+180890]\n\tGetHandleVerifier [0x00007FF734BFE0FF+211359]\n\tGetHandleVerifier [0x00007FF734BE5274+109332]\n\tGetHandleVerifier [0x00007FF734BE5422+109762]\n\tGetHandleVerifier [0x00007FF734BCBA39+4825]\n\tBaseThreadInitThunk [0x00007FF8A0417374+20]\n\tRtlUserThreadStart [0x00007FF8A23FCC91+33]\n"}, "steps": [{"name": "SeleniumLibrary.Wait Until Element Is Visible", "status": "failed", "statusDetails": {"message": "InvalidSelectorException: Message: invalid selector: Unable to locate an element with the xpath expression //h4[contains(text(), 'Panier vide')] timeout=50s because of the following error:\nSyntaxError: Failed to execute 'evaluate' on 'Document': The string '//h4[contains(text(), 'Panier vide')] timeout=50s' is not a valid XPath expression.\n  (Session info: chrome=136.0.7103.93); For documentation on this error, please visit: https://www.selenium.dev/documentation/webdriver/troubleshooting/errors#invalid-selector-exception\nStacktrace:\n\tGetHandleVerifier [0x00007FF734BDCF25+75717]\n\tGetHandleVerifier [0x00007FF734BDCF80+75808]\n\t(No symbol) [0x00007FF7349A8F9A]\n\t(No symbol) [0x00007FF7349B0998]\n\t(No symbol) [0x00007FF7349B3A0C]\n\t(No symbol) [0x00007FF7349B3ADF]\n\t(No symbol) [0x00007FF7349FED77]\n\t(No symbol) [0x00007FF7349FF77C]\n\t(No symbol) [0x00007FF734A525A7]\n\t(No symbol) [0x00007FF734A273BF]\n\t(No symbol) [0x00007FF734A4F39C]\n\t(No symbol) [0x00007FF734A27153]\n\t(No symbol) [0x00007FF7349F0421]\n\t(No symbol) [0x00007FF7349F11B3]\n\tGetHandleVerifier [0x00007FF734EDD6FD+3223453]\n\tGetHandleVerifier [0x00007FF734ED7CA2+3200322]\n\tGetHandleVerifier [0x00007FF734EF5AD3+3322739]\n\tGetHandleVerifier [0x00007FF734BF69FA+180890]\n\tGetHandleVerifier [0x00007FF734BFE0FF+211359]\n\tGetHandleVerifier [0x00007FF734BE5274+109332]\n\tGetHandleVerifier [0x00007FF734BE5422+109762]\n\tGetHandleVerifier [0x00007FF734BCBA39+4825]\n\tBaseThreadInitThunk [0x00007FF8A0417374+20]\n\tRtlUserThreadStart [0x00007FF8A23FCC91+33]\n"}, "attachments": [{"name": "Keyword Log", "source": "d2b5f9bc-534e-492d-a76f-e0cf50b0ecf6-attachment.html", "type": "text/html"}], "parameters": [{"name": "arg1", "value": "${CART_EMPTY_MESSAGE} timeout=50s"}], "start": 1747037714029, "stop": 1747037714542}, {"name": "SeleniumLibrary.Element Should Be Visible", "status": "skipped", "statusDetails": {"message": "InvalidSelectorException: Message: invalid selector: Unable to locate an element with the xpath expression //h4[contains(text(), 'Panier vide')] timeout=50s because of the following error:\nSyntaxError: Failed to execute 'evaluate' on 'Document': The string '//h4[contains(text(), 'Panier vide')] timeout=50s' is not a valid XPath expression.\n  (Session info: chrome=136.0.7103.93); For documentation on this error, please visit: https://www.selenium.dev/documentation/webdriver/troubleshooting/errors#invalid-selector-exception\nStacktrace:\n\tGetHandleVerifier [0x00007FF734BDCF25+75717]\n\tGetHandleVerifier [0x00007FF734BDCF80+75808]\n\t(No symbol) [0x00007FF7349A8F9A]\n\t(No symbol) [0x00007FF7349B0998]\n\t(No symbol) [0x00007FF7349B3A0C]\n\t(No symbol) [0x00007FF7349B3ADF]\n\t(No symbol) [0x00007FF7349FED77]\n\t(No symbol) [0x00007FF7349FF77C]\n\t(No symbol) [0x00007FF734A525A7]\n\t(No symbol) [0x00007FF734A273BF]\n\t(No symbol) [0x00007FF734A4F39C]\n\t(No symbol) [0x00007FF734A27153]\n\t(No symbol) [0x00007FF7349F0421]\n\t(No symbol) [0x00007FF7349F11B3]\n\tGetHandleVerifier [0x00007FF734EDD6FD+3223453]\n\tGetHandleVerifier [0x00007FF734ED7CA2+3200322]\n\tGetHandleVerifier [0x00007FF734EF5AD3+3322739]\n\tGetHandleVerifier [0x00007FF734BF69FA+180890]\n\tGetHandleVerifier [0x00007FF734BFE0FF+211359]\n\tGetHandleVerifier [0x00007FF734BE5274+109332]\n\tGetHandleVerifier [0x00007FF734BE5422+109762]\n\tGetHandleVerifier [0x00007FF734BCBA39+4825]\n\tBaseThreadInitThunk [0x00007FF8A0417374+20]\n\tRtlUserThreadStart [0x00007FF8A23FCC91+33]\n"}, "parameters": [{"name": "arg1", "value": "${CART_ICON}"}, {"name": "arg2", "value": "timeout=50s"}], "start": 1747037714543, "stop": 1747037714543}, {"name": "SeleniumLibrary.Element Should Not Be Visible", "status": "skipped", "statusDetails": {"message": "InvalidSelectorException: Message: invalid selector: Unable to locate an element with the xpath expression //h4[contains(text(), 'Panier vide')] timeout=50s because of the following error:\nSyntaxError: Failed to execute 'evaluate' on 'Document': The string '//h4[contains(text(), 'Panier vide')] timeout=50s' is not a valid XPath expression.\n  (Session info: chrome=136.0.7103.93); For documentation on this error, please visit: https://www.selenium.dev/documentation/webdriver/troubleshooting/errors#invalid-selector-exception\nStacktrace:\n\tGetHandleVerifier [0x00007FF734BDCF25+75717]\n\tGetHandleVerifier [0x00007FF734BDCF80+75808]\n\t(No symbol) [0x00007FF7349A8F9A]\n\t(No symbol) [0x00007FF7349B0998]\n\t(No symbol) [0x00007FF7349B3A0C]\n\t(No symbol) [0x00007FF7349B3ADF]\n\t(No symbol) [0x00007FF7349FED77]\n\t(No symbol) [0x00007FF7349FF77C]\n\t(No symbol) [0x00007FF734A525A7]\n\t(No symbol) [0x00007FF734A273BF]\n\t(No symbol) [0x00007FF734A4F39C]\n\t(No symbol) [0x00007FF734A27153]\n\t(No symbol) [0x00007FF7349F0421]\n\t(No symbol) [0x00007FF7349F11B3]\n\tGetHandleVerifier [0x00007FF734EDD6FD+3223453]\n\tGetHandleVerifier [0x00007FF734ED7CA2+3200322]\n\tGetHandleVerifier [0x00007FF734EF5AD3+3322739]\n\tGetHandleVerifier [0x00007FF734BF69FA+180890]\n\tGetHandleVerifier [0x00007FF734BFE0FF+211359]\n\tGetHandleVerifier [0x00007FF734BE5274+109332]\n\tGetHandleVerifier [0x00007FF734BE5422+109762]\n\tGetHandleVerifier [0x00007FF734BCBA39+4825]\n\tBaseThreadInitThunk [0x00007FF8A0417374+20]\n\tRtlUserThreadStart [0x00007FF8A23FCC91+33]\n"}, "parameters": [{"name": "arg1", "value": "${CART_ITEM}"}], "start": 1747037714544, "stop": 1747037714544}], "start": 1747037714026, "stop": 1747037714545}], "start": 1747037694074, "stop": 1747037718754, "uuid": "65c7f0a8-99f0-49d1-a8c0-7b8fa0d476b9", "historyId": "98aefc1a1dfadba36071c40079b1f2a2", "fullName": "cartTests.Show Empty Cart", "labels": [{"name": "suite", "value": "cartTests"}, {"name": "framework", "value": "robotframework"}, {"name": "language", "value": "cpython3"}, {"name": "host", "value": "AK48639"}, {"name": "thread", "value": "default-95acf7ee-ebe4-475f-9739-cf26f583df87"}, {"name": "tag", "value": "Cart"}, {"name": "tag", "value": "Empty"}]}